#
# A fatal error has been detected by the Java Runtime Environment:
#
#  EXCEPTION_ACCESS_VIOLATION (0xc0000005) at pc=0x5ae3e787, pid=1420, tid=12708
#
# JRE version: Java(TM) SE Runtime Environment (8.0-b132) (build 1.8.0-b132)
# Java VM: Java HotSpot(TM) Client VM (25.0-b70 mixed mode windows-x86 )
# Problematic frame:
# C  [openbabel-2.dll+0xbe787]
#
# Failed to write core dump. Minidumps are not enabled by default on client versions of Windows
#
# If you would like to submit a bug report, please visit:
#   http://bugreport.sun.com/bugreport/crash.jsp
# The crash happened outside the Java Virtual Machine in native code.
# See problematic frame for where to report the bug.
#

---------------  T H R E A D  ---------------

Current thread (0x0296e800):  JavaThread "main" [_thread_in_native, id=12708, stack(0x00fc0000,0x01010000)]

siginfo: ExceptionCode=0xc0000005, reading address 0x00000024

Registers:
EAX=0x00000000, EBX=0x1a93e8f8, ECX=0x1a93e8f8, EDX=0x00000043
ESP=0x0100efa4, EBP=0x0100efa8, ESI=0x00000000, EDI=0x00000000
EIP=0x5ae3e787, EFLAGS=0x00010246

Top of Stack: (sp=0x0100efa4)
0x0100efa4:   00000000 0100f0ac 5ae757bb 00000000
0x0100efb4:   7de99331 17236230 1aa37010 00000000
0x0100efc4:   00000002 00000005 1aaa13e0 1aaa13f0
0x0100efd4:   1aaa13f0 02960000 00000001 1a5ad601
0x0100efe4:   0100f098 5ae74cc6 1a5ad688 1aa9f348
0x0100eff4:   1aab3b10 00000000 00000001 1a5ad788
0x0100f004:   1aa64d50 1aa90ec0 1aa90ef4 1aa90ef4
0x0100f014:   00000000 1aa9f438 1aab2cb8 00000000 

Instructions: (pc=0x5ae3e787)
0x5ae3e767:   04 5e 0f 9c c0 5d c3 1b c0 f7 d8 5e 5d c3 cc cc
0x5ae3e777:   cc cc cc cc cc cc cc cc cc 55 8b ec 8b 45 08 56
0x5ae3e787:   8b 70 24 8b d6 c1 ea 05 32 c0 3b 51 18 73 0f 8b
0x5ae3e797:   41 1c 8b 04 90 8b ce 83 e1 1f d3 e8 24 01 5e 5d 


Register to memory mapping:

EAX=0x00000000 is an unknown value
EBX=0x1a93e8f8 is an unknown value
ECX=0x1a93e8f8 is an unknown value
EDX=0x00000043 is an unknown value
ESP=0x0100efa4 is pointing into the stack for thread: 0x0296e800
EBP=0x0100efa8 is pointing into the stack for thread: 0x0296e800
ESI=0x00000000 is an unknown value
EDI=0x00000000 is an unknown value


Stack: [0x00fc0000,0x01010000],  sp=0x0100efa4,  free space=315k
Native frames: (J=compiled Java code, j=interpreted, Vv=VM code, C=native code)
C  [openbabel-2.dll+0xbe787]
C  [openbabel-2.dll+0xf57bb]
C  [openbabel-2.dll+0xfd60f]
C  [formats_common.obf+0x281b4]
C  [openbabel-2.dll+0xa0412]
C  [openbabel-2.dll+0xa060b]
C  [openbabel_java.dll+0x26146]
J 1359  org.openbabel.openbabel_javaJNI.OBConversion_ReadString(JLorg/openbabel/OBConversion;JLorg/openbabel/OBBase;Ljava/lang/String;)Z (0 bytes) @ 0x02c1e07d [0x02c1dfa0+0xdd]
J 1347 C1 edu.uminho.biosynth.chemanalysis.openbabel.OpenBabelWrapper.convert(Ljava/lang/String;Ljava/lang/String;Ljava/lang/String;)Ljava/lang/String; (47 bytes) @ 0x02c1c484 [0x02c1c320+0x164]
J 879% C1 edu.uminho.biosynth.program.ProgramStructureAnalysis.generateCanonicalSmilesFromInchis()V (250 bytes) @ 0x02b4eeec [0x02b4ec10+0x2dc]
j  edu.uminho.biosynth.program.ProgramStructureAnalysis.main([Ljava/lang/String;)V+24
v  ~StubRoutines::call_stub
V  [jvm.dll+0x142285]
V  [jvm.dll+0x2070be]
V  [jvm.dll+0x14231e]
V  [jvm.dll+0xce717]
V  [jvm.dll+0xd6cbf]
C  [javaw.exe+0x20d8]
C  [javaw.exe+0xab71]
C  [javaw.exe+0xabfb]
C  [KERNEL32.DLL+0x1495d]
C  [ntdll.dll+0x498ee]
C  [ntdll.dll+0x498c4]

Java frames: (J=compiled Java code, j=interpreted, Vv=VM code)
J 1359  org.openbabel.openbabel_javaJNI.OBConversion_ReadString(JLorg/openbabel/OBConversion;JLorg/openbabel/OBBase;Ljava/lang/String;)Z (0 bytes) @ 0x02c1e039 [0x02c1dfa0+0x99]
J 1347 C1 edu.uminho.biosynth.chemanalysis.openbabel.OpenBabelWrapper.convert(Ljava/lang/String;Ljava/lang/String;Ljava/lang/String;)Ljava/lang/String; (47 bytes) @ 0x02c1c484 [0x02c1c320+0x164]
J 879% C1 edu.uminho.biosynth.program.ProgramStructureAnalysis.generateCanonicalSmilesFromInchis()V (250 bytes) @ 0x02b4eeec [0x02b4ec10+0x2dc]
j  edu.uminho.biosynth.program.ProgramStructureAnalysis.main([Ljava/lang/String;)V+24
v  ~StubRoutines::call_stub

---------------  P R O C E S S  ---------------

Java Threads: ( => current thread )
  0x15794000 JavaThread "Abandoned connection cleanup thread" daemon [_thread_blocked, id=7384, stack(0x15b80000,0x15bd0000)]
  0x14f9e400 JavaThread "Service Thread" daemon [_thread_blocked, id=13832, stack(0x15460000,0x154b0000)]
  0x14f76800 JavaThread "C1 CompilerThread0" daemon [_thread_blocked, id=2952, stack(0x153d0000,0x15420000)]
  0x14f75800 JavaThread "Attach Listener" daemon [_thread_blocked, id=13116, stack(0x15340000,0x15390000)]
  0x14f7d000 JavaThread "Signal Dispatcher" daemon [_thread_blocked, id=8560, stack(0x152b0000,0x15300000)]
  0x14f56000 JavaThread "Finalizer" daemon [_thread_blocked, id=9748, stack(0x15220000,0x15270000)]
  0x14f50400 JavaThread "Reference Handler" daemon [_thread_blocked, id=14612, stack(0x15190000,0x151e0000)]
=>0x0296e800 JavaThread "main" [_thread_in_native, id=12708, stack(0x00fc0000,0x01010000)]

Other Threads:
  0x028ac400 VMThread [stack: 0x14f00000,0x14f50000] [id=11804]
  0x14fa2800 WatcherThread [stack: 0x154f0000,0x15540000] [id=10864]

VM state:not at safepoint (normal execution)

VM Mutex/Monitor currently owned by a thread: None

Heap:
 def new generation   total 78656K, used 50649K [0x04a00000, 0x09f50000, 0x09f50000)
  eden space 69952K,  72% used [0x04a00000, 0x07b765c8, 0x08e50000)
  from space 8704K,   0% used [0x08e50000, 0x08e50000, 0x096d0000)
  to   space 8704K,   0% used [0x096d0000, 0x096d0000, 0x09f50000)
 tenured generation   total 174784K, used 140955K [0x09f50000, 0x14a00000, 0x14a00000)
   the space 174784K,  80% used [0x09f50000, 0x128f6dd8, 0x128f6e00, 0x14a00000)
 Metaspace       used 11372K, capacity 11466K, committed 11520K, reserved 11648K

Card table byte_map: [0x04970000,0x04a00000] byte_map_base: 0x0494b000

Polling page: 0x00f40000

CodeCache: size=32768Kb used=3195Kb max_used=3195Kb free=29572Kb
 bounds [0x02970000, 0x02c90000, 0x04970000]
 total_blobs=1848 nmethods=1590 adapters=189
 compilation: enabled

Compilation events (10 events):
Event: 22.567 Thread 0x14f76800 1586             org.hibernate.internal.SessionFactoryImpl::getTransactionEnvironment (5 bytes)
Event: 22.567 Thread 0x14f76800 nmethod 1586 0x02c8e048 code [0x02c8e140, 0x02c8e1c0]
Event: 22.639 Thread 0x14f76800 1587             org.hibernate.engine.internal.StatefulPersistenceContext::getCollectionEntries (5 bytes)
Event: 22.639 Thread 0x14f76800 nmethod 1587 0x02c8e208 code [0x02c8e300, 0x02c8e380]
Event: 22.639 Thread 0x14f76800 1588             org.hibernate.engine.spi.ActionQueue::prepareActions (36 bytes)
Event: 22.640 Thread 0x14f76800 nmethod 1588 0x02c8e3c8 code [0x02c8e510, 0x02c8e6e0]
Event: 22.645 Thread 0x14f76800 1589             org.hibernate.engine.internal.StatefulPersistenceContext::setFlushing (36 bytes)
Event: 22.645 Thread 0x14f76800 nmethod 1589 0x02c8e888 code [0x02c8e990, 0x02c8ea9c]
Event: 22.648 Thread 0x14f76800 1590             java.util.concurrent.ConcurrentLinkedQueue::updateHead (20 bytes)
Event: 22.648 Thread 0x14f76800 nmethod 1590 0x02c8ebc8 code [0x02c8ecc0, 0x02c8ed90]

GC Heap History (10 events):
Event: 2.693 GC heap before
{Heap before GC invocations=28 (full 3):
 def new generation   total 42816K, used 42816K [0x04a00000, 0x07870000, 0x09f50000)
  eden space 38080K, 100% used [0x04a00000, 0x06f30000, 0x06f30000)
  from space 4736K, 100% used [0x073d0000, 0x07870000, 0x07870000)
  to   space 4736K,   0% used [0x06f30000, 0x06f30000, 0x073d0000)
 tenured generation   total 94984K, used 75112K [0x09f50000, 0x0fc12000, 0x14a00000)
   the space 94984K,  79% used [0x09f50000, 0x0e8aa3a8, 0x0e8aa400, 0x0fc12000)
 Metaspace       used 10826K, capacity 10872K, committed 11008K, reserved 11648K
Event: 2.740 GC heap after
Heap after GC invocations=29 (full 3):
 def new generation   total 42816K, used 4735K [0x04a00000, 0x07870000, 0x09f50000)
  eden space 38080K,   0% used [0x04a00000, 0x04a00000, 0x06f30000)
  from space 4736K,  99% used [0x06f30000, 0x073cfff8, 0x073d0000)
  to   space 4736K,   0% used [0x073d0000, 0x073d0000, 0x07870000)
 tenured generation   total 94984K, used 92975K [0x09f50000, 0x0fc12000, 0x14a00000)
   the space 94984K,  97% used [0x09f50000, 0x0fa1bcf8, 0x0fa1be00, 0x0fc12000)
 Metaspace       used 10826K, capacity 10872K, committed 11008K, reserved 11648K
}
Event: 2.852 GC heap before
{Heap before GC invocations=29 (full 3):
 def new generation   total 42816K, used 42815K [0x04a00000, 0x07870000, 0x09f50000)
  eden space 38080K, 100% used [0x04a00000, 0x06f30000, 0x06f30000)
  from space 4736K,  99% used [0x06f30000, 0x073cfff8, 0x073d0000)
  to   space 4736K,   0% used [0x073d0000, 0x073d0000, 0x07870000)
 tenured generation   total 94984K, used 92975K [0x09f50000, 0x0fc12000, 0x14a00000)
   the space 94984K,  97% used [0x09f50000, 0x0fa1bcf8, 0x0fa1be00, 0x0fc12000)
 Metaspace       used 10826K, capacity 10872K, committed 11008K, reserved 11648K
Event: 3.074 GC heap after
Heap after GC invocations=30 (full 4):
 def new generation   total 78656K, used 2633K [0x04a00000, 0x09f50000, 0x09f50000)
  eden space 69952K,   3% used [0x04a00000, 0x04c92598, 0x08e50000)
  from space 8704K,   0% used [0x08e50000, 0x08e50000, 0x096d0000)
  to   space 8704K,   0% used [0x096d0000, 0x096d0000, 0x09f50000)
 tenured generation   total 174784K, used 111880K [0x09f50000, 0x14a00000, 0x14a00000)
   the space 174784K,  64% used [0x09f50000, 0x10c92000, 0x10c92000, 0x14a00000)
 Metaspace       used 10826K, capacity 10872K, committed 11008K, reserved 11648K
}
Event: 3.284 GC heap before
{Heap before GC invocations=30 (full 4):
 def new generation   total 78656K, used 69952K [0x04a00000, 0x09f50000, 0x09f50000)
  eden space 69952K, 100% used [0x04a00000, 0x08e50000, 0x08e50000)
  from space 8704K,   0% used [0x08e50000, 0x08e50000, 0x096d0000)
  to   space 8704K,   0% used [0x096d0000, 0x096d0000, 0x09f50000)
 tenured generation   total 174784K, used 111880K [0x09f50000, 0x14a00000, 0x14a00000)
   the space 174784K,  64% used [0x09f50000, 0x10c92000, 0x10c92000, 0x14a00000)
 Metaspace       used 10826K, capacity 10872K, committed 11008K, reserved 11648K
Event: 3.401 GC heap after
Heap after GC invocations=31 (full 4):
 def new generation   total 78656K, used 8703K [0x04a00000, 0x09f50000, 0x09f50000)
  eden space 69952K,   0% used [0x04a00000, 0x04a00000, 0x08e50000)
  from space 8704K,  99% used [0x096d0000, 0x09f4fff8, 0x09f50000)
  to   space 8704K,   0% used [0x08e50000, 0x08e50000, 0x096d0000)
 tenured generation   total 174784K, used 137847K [0x09f50000, 0x14a00000, 0x14a00000)
   the space 174784K,  78% used [0x09f50000, 0x125ede68, 0x125ee000, 0x14a00000)
 Metaspace       used 10826K, capacity 10872K, committed 11008K, reserved 11648K
}
Event: 3.624 GC heap before
{Heap before GC invocations=31 (full 4):
 def new generation   total 78656K, used 78655K [0x04a00000, 0x09f50000, 0x09f50000)
  eden space 69952K, 100% used [0x04a00000, 0x08e50000, 0x08e50000)
  from space 8704K,  99% used [0x096d0000, 0x09f4fff8, 0x09f50000)
  to   space 8704K,   0% used [0x08e50000, 0x08e50000, 0x096d0000)
 tenured generation   total 174784K, used 137847K [0x09f50000, 0x14a00000, 0x14a00000)
   the space 174784K,  78% used [0x09f50000, 0x125ede68, 0x125ee000, 0x14a00000)
 Metaspace       used 10826K, capacity 10872K, committed 11008K, reserved 11648K
Event: 3.726 GC heap after
Heap after GC invocations=32 (full 4):
 def new generation   total 78656K, used 8704K [0x04a00000, 0x09f50000, 0x09f50000)
  eden space 69952K,   0% used [0x04a00000, 0x04a00000, 0x08e50000)
  from space 8704K, 100% used [0x08e50000, 0x096d0000, 0x096d0000)
  to   space 8704K,   0% used [0x096d0000, 0x096d0000, 0x09f50000)
 tenured generation   total 174784K, used 171263K [0x09f50000, 0x14a00000, 0x14a00000)
   the space 174784K,  97% used [0x09f50000, 0x1468fef0, 0x14690000, 0x14a00000)
 Metaspace       used 10826K, capacity 10872K, committed 11008K, reserved 11648K
}
Event: 4.442 GC heap before
{Heap before GC invocations=32 (full 4):
 def new generation   total 78656K, used 78656K [0x04a00000, 0x09f50000, 0x09f50000)
  eden space 69952K, 100% used [0x04a00000, 0x08e50000, 0x08e50000)
  from space 8704K, 100% used [0x08e50000, 0x096d0000, 0x096d0000)
  to   space 8704K,   0% used [0x096d0000, 0x096d0000, 0x09f50000)
 tenured generation   total 174784K, used 171263K [0x09f50000, 0x14a00000, 0x14a00000)
   the space 174784K,  97% used [0x09f50000, 0x1468fef0, 0x14690000, 0x14a00000)
 Metaspace       used 11280K, capacity 11352K, committed 11520K, reserved 11648K
Event: 4.781 GC heap after
Heap after GC invocations=33 (full 5):
 def new generation   total 78656K, used 0K [0x04a00000, 0x09f50000, 0x09f50000)
  eden space 69952K,   0% used [0x04a00000, 0x04a00000, 0x08e50000)
  from space 8704K,   0% used [0x08e50000, 0x08e50000, 0x096d0000)
  to   space 8704K,   0% used [0x096d0000, 0x096d0000, 0x09f50000)
 tenured generation   total 174784K, used 140955K [0x09f50000, 0x14a00000, 0x14a00000)
   the space 174784K,  80% used [0x09f50000, 0x128f6dd8, 0x128f6e00, 0x14a00000)
 Metaspace       used 11280K, capacity 11352K, committed 11520K, reserved 11648K
}

Deoptimization events (0 events):
No events

Internal exceptions (10 events):
Event: 4.981 Thread 0x0296e800 Exception <a 'java/security/PrivilegedActionException'> (0x058bf208) thrown at [D:\re\workspace\8-2-build-windows-i586-cygwin\jdk8\2238\hotspot\src\share\vm\prims\jvm.cpp, line 1248]
Event: 4.981 Thread 0x0296e800 Exception <a 'java/security/PrivilegedActionException'> (0x058c59f8) thrown at [D:\re\workspace\8-2-build-windows-i586-cygwin\jdk8\2238\hotspot\src\share\vm\prims\jvm.cpp, line 1248]
Event: 4.999 Thread 0x0296e800 Exception <a 'java/security/PrivilegedActionException'> (0x058ced78) thrown at [D:\re\workspace\8-2-build-windows-i586-cygwin\jdk8\2238\hotspot\src\share\vm\prims\jvm.cpp, line 1248]
Event: 4.999 Thread 0x0296e800 Exception <a 'java/security/PrivilegedActionException'> (0x058d4ce8) thrown at [D:\re\workspace\8-2-build-windows-i586-cygwin\jdk8\2238\hotspot\src\share\vm\prims\jvm.cpp, line 1248]
Event: 5.000 Thread 0x0296e800 Exception <a 'java/security/PrivilegedActionException'> (0x058dc438) thrown at [D:\re\workspace\8-2-build-windows-i586-cygwin\jdk8\2238\hotspot\src\share\vm\prims\jvm.cpp, line 1248]
Event: 5.000 Thread 0x0296e800 Exception <a 'java/security/PrivilegedActionException'> (0x058e3480) thrown at [D:\re\workspace\8-2-build-windows-i586-cygwin\jdk8\2238\hotspot\src\share\vm\prims\jvm.cpp, line 1248]
Event: 5.001 Thread 0x0296e800 Exception <a 'java/security/PrivilegedActionException'> (0x058eac58) thrown at [D:\re\workspace\8-2-build-windows-i586-cygwin\jdk8\2238\hotspot\src\share\vm\prims\jvm.cpp, line 1248]
Event: 5.001 Thread 0x0296e800 Exception <a 'java/security/PrivilegedActionException'> (0x058f5a58) thrown at [D:\re\workspace\8-2-build-windows-i586-cygwin\jdk8\2238\hotspot\src\share\vm\prims\jvm.cpp, line 1248]
Event: 5.002 Thread 0x0296e800 Exception <a 'java/security/PrivilegedActionException'> (0x058f62e8) thrown at [D:\re\workspace\8-2-build-windows-i586-cygwin\jdk8\2238\hotspot\src\share\vm\prims\jvm.cpp, line 1248]
Event: 5.002 Thread 0x0296e800 Exception <a 'java/security/PrivilegedActionException'> (0x05900bb0) thrown at [D:\re\workspace\8-2-build-windows-i586-cygwin\jdk8\2238\hotspot\src\share\vm\prims\jvm.cpp, line 1248]

Events (10 events):
Event: 5.000 loading class org/hibernate/event/internal/AbstractVisitor
Event: 5.000 loading class org/hibernate/event/internal/AbstractVisitor done
Event: 5.001 loading class org/hibernate/internal/CoreMessageLogger_$logger_en_US
Event: 5.001 loading class org/hibernate/internal/CoreMessageLogger_$logger_en_US done
Event: 5.001 loading class org/hibernate/internal/CoreMessageLogger_$logger_en
Event: 5.001 loading class org/hibernate/internal/CoreMessageLogger_$logger_en done
Event: 5.174 Executing VM operation: BulkRevokeBias
Event: 5.174 Executing VM operation: BulkRevokeBias done
Event: 5.343 Executing VM operation: BulkRevokeBias
Event: 5.343 Executing VM operation: BulkRevokeBias done


Dynamic libraries:
0x01060000 - 0x01090000 	C:\Program Files (x86)\Java\jre8\bin\javaw.exe
0x778d0000 - 0x77a38000 	C:\Windows\SYSTEM32\ntdll.dll
0x775c0000 - 0x77700000 	C:\Windows\SYSTEM32\KERNEL32.DLL
0x774a0000 - 0x7756f000 	C:\Windows\SYSTEM32\KERNELBASE.dll
0x736b0000 - 0x7374a000 	C:\Windows\system32\apphelp.dll
0x70360000 - 0x705b2000 	C:\Windows\AppPatch\AcGenral.DLL
0x76db0000 - 0x76e6e000 	C:\Windows\SYSTEM32\msvcrt.dll
0x768e0000 - 0x7691e000 	C:\Windows\SYSTEM32\sechost.dll
0x75300000 - 0x7531d000 	C:\Windows\SYSTEM32\SspiCli.dll
0x77570000 - 0x775b1000 	C:\Windows\SYSTEM32\SHLWAPI.dll
0x74090000 - 0x7416c000 	C:\Windows\SYSTEM32\UxTheme.dll
0x75440000 - 0x7558f000 	C:\Windows\SYSTEM32\USER32.dll
0x76930000 - 0x76a38000 	C:\Windows\SYSTEM32\GDI32.dll
0x74060000 - 0x74080000 	C:\Windows\SYSTEM32\WINMM.dll
0x70e70000 - 0x70e82000 	C:\Windows\SYSTEM32\samcli.dll
0x75320000 - 0x7542b000 	C:\Windows\SYSTEM32\ole32.dll
0x772b0000 - 0x77337000 	C:\Windows\SYSTEM32\OLEAUT32.dll
0x70ce0000 - 0x70cf5000 	C:\Windows\SYSTEM32\MSACM32.dll
0x744a0000 - 0x744a8000 	C:\Windows\SYSTEM32\VERSION.dll
0x75730000 - 0x768d4000 	C:\Windows\SYSTEM32\SHELL32.dll
0x75270000 - 0x75289000 	C:\Windows\SYSTEM32\USERENV.dll
0x744b0000 - 0x744c9000 	C:\Windows\SYSTEM32\dwmapi.dll
0x74590000 - 0x746b4000 	C:\Windows\SYSTEM32\urlmon.dll
0x76a90000 - 0x76b07000 	C:\Windows\SYSTEM32\ADVAPI32.dll
0x744d0000 - 0x7452e000 	C:\Windows\SYSTEM32\WINSPOOL.DRV
0x74ac0000 - 0x74ad4000 	C:\Windows\SYSTEM32\MPR.dll
0x75620000 - 0x756d1000 	C:\Windows\SYSTEM32\RPCRT4.dll
0x752f0000 - 0x752f9000 	C:\Windows\SYSTEM32\CRYPTBASE.dll
0x77130000 - 0x7727e000 	C:\Windows\SYSTEM32\combase.dll
0x74040000 - 0x74060000 	C:\Windows\SYSTEM32\WINMMBASE.dll
0x75250000 - 0x7525e000 	C:\Windows\SYSTEM32\profapi.dll
0x74890000 - 0x74aa7000 	C:\Windows\SYSTEM32\iertutil.dll
0x746c0000 - 0x74884000 	C:\Windows\SYSTEM32\WININET.dll
0x75290000 - 0x752e1000 	C:\Windows\SYSTEM32\bcryptPrimitives.dll
0x76b10000 - 0x76b4a000 	C:\Windows\SYSTEM32\cfgmgr32.dll
0x751e0000 - 0x751ff000 	C:\Windows\SYSTEM32\DEVOBJ.dll
0x75160000 - 0x751d7000 	C:\Windows\SYSTEM32\SHCORE.DLL
0x77280000 - 0x772a5000 	C:\Windows\system32\IMM32.DLL
0x77700000 - 0x777f7000 	C:\Windows\SYSTEM32\MSCTF.dll
0x6ffc0000 - 0x701a5000 	C:\Windows\WinSxS\x86_microsoft.windows.common-controls_6595b64144ccf1df_6.0.9600.16384_none_a9f4965301334e09\COMCTL32.dll
0x5f900000 - 0x5f9bf000 	C:\Program Files (x86)\Java\jre8\bin\msvcr100.dll
0x5af20000 - 0x5b2b6000 	C:\Program Files (x86)\Java\jre8\bin\client\jvm.dll
0x72d50000 - 0x72d58000 	C:\Windows\SYSTEM32\WSOCK32.dll
0x76920000 - 0x76926000 	C:\Windows\SYSTEM32\PSAPI.DLL
0x76a40000 - 0x76a8d000 	C:\Windows\SYSTEM32\WS2_32.dll
0x77490000 - 0x77497000 	C:\Windows\SYSTEM32\NSI.dll
0x60e30000 - 0x60e3c000 	C:\Program Files (x86)\Java\jre8\bin\verify.dll
0x5f8d0000 - 0x5f8f1000 	C:\Program Files (x86)\Java\jre8\bin\java.dll
0x60e10000 - 0x60e23000 	C:\Program Files (x86)\Java\jre8\bin\zip.dll
0x606c0000 - 0x606d4000 	C:\Program Files (x86)\Java\jre8\bin\net.dll
0x75110000 - 0x75155000 	C:\Windows\system32\mswsock.dll
0x73cc0000 - 0x73d3c000 	C:\Windows\SYSTEM32\DNSAPI.dll
0x73820000 - 0x73827000 	C:\Windows\System32\rasadhlp.dll
0x73830000 - 0x73874000 	C:\Windows\System32\fwpuclnt.dll
0x73e00000 - 0x73e18000 	C:\Windows\SYSTEM32\CRYPTSP.dll
0x73dd0000 - 0x73dff000 	C:\Windows\system32\rsaenh.dll
0x73db0000 - 0x73dcd000 	C:\Windows\SYSTEM32\bcrypt.dll
0x738b0000 - 0x738c0000 	C:\Windows\system32\napinsp.dll
0x73890000 - 0x738a4000 	C:\Windows\system32\pnrpnsp.dll
0x738c0000 - 0x738d2000 	C:\Windows\system32\NLAapi.dll
0x73880000 - 0x73889000 	C:\Windows\System32\winrnr.dll
0x75050000 - 0x7506e000 	C:\Windows\SYSTEM32\IPHLPAPI.DLL
0x75040000 - 0x75048000 	C:\Windows\SYSTEM32\WINNSI.DLL
0x5f8c0000 - 0x5f8cf000 	C:\Program Files (x86)\Java\jre8\bin\nio.dll
0x5f810000 - 0x5f8bb000 	C:\Program Files (x86)\Java\jre8\bin\openbabel_java.dll
0x5ad80000 - 0x5af18000 	C:\Program Files (x86)\Java\jre8\bin\openbabel-2.dll
0x61b80000 - 0x61be9000 	C:\Windows\SYSTEM32\MSVCP100.dll
0x02930000 - 0x02943000 	C:\Program Files (x86)\Java\jre8\bin\zlib1.dll
0x5f800000 - 0x5f80b000 	C:\Program Files (x86)\Java\jre8\bin\formats_cairo.obf
0x68dc0000 - 0x68eb7000 	C:\Program Files (x86)\Java\jre8\bin\libcairo-2.dll
0x64f80000 - 0x64fc2000 	C:\Program Files (x86)\Java\jre8\bin\libfontconfig-1.dll
0x6a800000 - 0x6a879000 	C:\Program Files (x86)\Java\jre8\bin\freetype6.dll
0x61a00000 - 0x61a3c000 	C:\Program Files (x86)\Java\jre8\bin\libpng14-14.dll
0x6ffb0000 - 0x6ffb6000 	C:\Windows\SYSTEM32\MSIMG32.DLL
0x68f40000 - 0x68f63000 	C:\Program Files (x86)\Java\jre8\bin\libexpat-1.dll
0x5f7b0000 - 0x5f7f7000 	C:\Program Files (x86)\Java\jre8\bin\formats_common.obf
0x5aca0000 - 0x5ad72000 	C:\Program Files (x86)\Java\jre8\bin\libinchi.dll
0x5c190000 - 0x5c1fe000 	C:\Program Files (x86)\Java\jre8\bin\formats_compchem.obf
0x57ed0000 - 0x57fb2000 	C:\Program Files (x86)\Java\jre8\bin\formats_misc.obf
0x16bf0000 - 0x16bf9000 	C:\Program Files (x86)\Java\jre8\bin\xdr-0.dll
0x73400000 - 0x734a3000 	C:\Windows\WinSxS\x86_microsoft.vc90.crt_1fc8b3b9a1e18e3b_9.0.30729.8387_none_5094ca96bcb6b2bb\MSVCR90.dll
0x5f780000 - 0x5f7a2000 	C:\Program Files (x86)\Java\jre8\bin\formats_utility.obf
0x5c160000 - 0x5c18e000 	C:\Program Files (x86)\Java\jre8\bin\formats_xml.obf
0x16cf0000 - 0x16dc9000 	C:\Program Files (x86)\Java\jre8\bin\libxml2.dll
0x16ea0000 - 0x16f7a000 	C:\Program Files (x86)\Java\jre8\bin\iconv.dll
0x5c140000 - 0x5c15d000 	C:\Program Files (x86)\Java\jre8\bin\plugin_charges.obf
0x5f770000 - 0x5f77e000 	C:\Program Files (x86)\Java\jre8\bin\plugin_descriptors.obf
0x5b7a0000 - 0x5b7b0000 	C:\Program Files (x86)\Java\jre8\bin\plugin_fingerprints.obf
0x57e50000 - 0x57ec4000 	C:\Program Files (x86)\Java\jre8\bin\plugin_forcefields.obf
0x5b770000 - 0x5b799000 	C:\Program Files (x86)\Java\jre8\bin\plugin_ops.obf
0x6fe60000 - 0x6ffa8000 	C:\Windows\SYSTEM32\dbghelp.dll

VM Arguments:
jvm_args: -Dfile.encoding=UTF-8 
java_command: edu.uminho.biosynth.program.ProgramStructureAnalysis
java_class_path (initial): D:\home\workspace\java\biosynth-chemanalysis\target\test-classes;D:\home\workspace\java\biosynth-chemanalysis\target\classes;D:\home\workspace\java\biosynth-chemanalysis\lib\openbabel.jar;D:\home\workspace\java\biosynth-components\target\classes;C:\Users\Filipe\.m2\repository\joda-time\joda-time\2.3\joda-time-2.3.jar;C:\Users\Filipe\.m2\repository\org\jadira\usertype\usertype.core\3.0.0.CR1\usertype.core-3.0.0.CR1.jar;C:\Users\Filipe\.m2\repository\org\joda\joda-money\0.6\joda-money-0.6.jar;C:\Users\Filipe\.m2\repository\org\jadira\usertype\usertype.spi\3.0.0.CR1\usertype.spi-3.0.0.CR1.jar;C:\Users\Filipe\.m2\repository\org\hibernate\hibernate-core\4.2.7.Final\hibernate-core-4.2.7.Final.jar;C:\Users\Filipe\.m2\repository\antlr\antlr\2.7.7\antlr-2.7.7.jar;C:\Users\Filipe\.m2\repository\org\jboss\logging\jboss-logging\3.1.0.GA\jboss-logging-3.1.0.GA.jar;C:\Users\Filipe\.m2\repository\dom4j\dom4j\1.6.1\dom4j-1.6.1.jar;C:\Users\Filipe\.m2\repository\org\javassist\javassist\3.18.1-GA\javassist-3.18.1-GA.jar;C:\Users\Filipe\.m2\repository\org\jboss\spec\javax\transaction\jboss-transaction-api_1.1_spec\1.0.1.Final\jboss-transaction-api_1.1_spec-1.0.1.Final.jar;C:\Users\Filipe\.m2\repository\org\hibernate\javax\persistence\hibernate-jpa-2.0-api\1.0.1.Final\hibernate-jpa-2.0-api-1.0.1.Final.jar;C:\Users\Filipe\.m2\repository\org\hibernate\common\hibernate-commons-annotations\4.0.2.Final\hibernate-commons-annotations-4.0.2.Final.jar;C:\Users\Filipe\.m2\repository\org\json\json\20090211\json-20090211.jar;C:\Users\Filipe\.m2\repository\org\eclipse\persistence\org.eclipse.persistence.moxy\2.5.2-M1\org.eclipse.persistence.moxy-2.5.2-M1.jar;C:\Users\Filipe\.m2\repository\org\eclipse\persistence\org.eclipse.persistence.core\2.5.2-M1\org.eclipse.persistence.core-2.5.2-M1.jar;C:\Users\Filipe\.m2\repository\org\eclipse\persistence\org.eclipse.persistence.asm\2.5.2-M1\org.eclipse.persistence.asm-2.5.2-M1.jar;C:\Users\Filipe\.m2\repository\org\eclipse\persis
Launcher Type: SUN_STANDARD

Environment Variables:
PATH=C:\Program Files (x86)\NVIDIA Corporation\PhysX\Common;C:\Windows\system32;C:\Windows;C:\Windows\System32\Wbem;C:\Windows\System32\WindowsPowerShell\v1.0\;C:\Program Files (x86)\Git\cmd;C:\Program Files\MATLAB\R2013b\runtime\win64;C:\Program Files\MATLAB\R2013b\bin;C:\Program Files\MATLAB\R2013b\polyspace\bin
USERNAME=Filipe
OS=Windows_NT
PROCESSOR_IDENTIFIER=Intel64 Family 6 Model 58 Stepping 9, GenuineIntel



---------------  S Y S T E M  ---------------

OS: Windows 8.1 , 64 bit Build 9600 

CPU:total 4 (2 cores per cpu, 2 threads per core) family 6 model 58 stepping 9, cmov, cx8, fxsr, mmx, sse, sse2, sse3, ssse3, sse4.1, sse4.2, popcnt, avx, aes, clmul, erms, ht, tsc, tscinvbit

Memory: 4k page, physical 6174232k(2525064k free), swap 11911252k(5259032k free)

vm_info: Java HotSpot(TM) Client VM (25.0-b70) for windows-x86 JRE (1.8.0-b132), built on Mar  4 2014 03:51:15 by "java_re" with MS VC++ 10.0 (VS2010)

time: Thu Apr 03 16:29:45 2014
elapsed time: 30 seconds

