#
# A fatal error has been detected by the Java Runtime Environment:
#
#  EXCEPTION_ACCESS_VIOLATION (0xc0000005) at pc=0x5b9ee787, pid=9812, tid=13036
#
# JRE version: Java(TM) SE Runtime Environment (8.0-b132) (build 1.8.0-b132)
# Java VM: Java HotSpot(TM) Client VM (25.0-b70 mixed mode, sharing windows-x86 )
# Problematic frame:
# C  [openbabel-2.dll+0xbe787]
#
# Failed to write core dump. Minidumps are not enabled by default on client versions of Windows
#
# If you would like to submit a bug report, please visit:
#   http://bugreport.sun.com/bugreport/crash.jsp
# The crash happened outside the Java Virtual Machine in native code.
# See problematic frame for where to report the bug.
#

---------------  T H R E A D  ---------------

Current thread (0x0065b800):  JavaThread "main" [_thread_in_native, id=13036, stack(0x006a0000,0x006f0000)]

siginfo: ExceptionCode=0xc0000005, reading address 0x00000024

Registers:
EAX=0x00000000, EBX=0x151cc888, ECX=0x151cc888, EDX=0x00000012
ESP=0x006ef1a4, EBP=0x006ef1a8, ESI=0x00000000, EDI=0x00000000
EIP=0x5b9ee787, EFLAGS=0x00010246

Top of Stack: (sp=0x006ef1a4)
0x006ef1a4:   00000000 006ef2ac 5ba257bb 00000000
0x006ef1b4:   a43580f7 151cce08 151ddfd8 00000000
0x006ef1c4:   00000000 00000002 15182d50 15182d60
0x006ef1d4:   15182d60 00650000 00000001 15174701
0x006ef1e4:   006ef298 5ba24cc6 15174710 a43580c3
0x006ef1f4:   151cce08 151ddfd8 00000001 00000001
0x006ef204:   151642a0 15182cf0 15182cfc 15182cfc
0x006ef214:   00000000 151591f4 15166ad0 15164b28 

Instructions: (pc=0x5b9ee787)
0x5b9ee767:   04 5e 0f 9c c0 5d c3 1b c0 f7 d8 5e 5d c3 cc cc
0x5b9ee777:   cc cc cc cc cc cc cc cc cc 55 8b ec 8b 45 08 56
0x5b9ee787:   8b 70 24 8b d6 c1 ea 05 32 c0 3b 51 18 73 0f 8b
0x5b9ee797:   41 1c 8b 04 90 8b ce 83 e1 1f d3 e8 24 01 5e 5d 


Register to memory mapping:

EAX=0x00000000 is an unknown value
EBX=0x151cc888 is an unknown value
ECX=0x151cc888 is an unknown value
EDX=0x00000012 is an unknown value
ESP=0x006ef1a4 is pointing into the stack for thread: 0x0065b800
EBP=0x006ef1a8 is pointing into the stack for thread: 0x0065b800
ESI=0x00000000 is an unknown value
EDI=0x00000000 is an unknown value


Stack: [0x006a0000,0x006f0000],  sp=0x006ef1a4,  free space=316k
Native frames: (J=compiled Java code, j=interpreted, Vv=VM code, C=native code)
C  [openbabel-2.dll+0xbe787]
C  [openbabel-2.dll+0xf57bb]
C  [openbabel-2.dll+0xfd60f]
C  [formats_common.obf+0x281b4]
C  [openbabel-2.dll+0xa0412]
C  [openbabel-2.dll+0xa060b]
C  [openbabel_java.dll+0x26146]
j  org.openbabel.openbabel_javaJNI.OBConversion_ReadString(JLorg/openbabel/OBConversion;JLorg/openbabel/OBBase;Ljava/lang/String;)Z+0
j  org.openbabel.OBConversion.ReadString(Lorg/openbabel/OBBase;Ljava/lang/String;)Z+11
j  edu.uminho.biosynth.chemanalysis.openbabel.OpenBabelWrapper.convert(Ljava/lang/String;Ljava/lang/String;Ljava/lang/String;)Ljava/lang/String;+27
j  edu.uminho.biosynth.program.InchiToCan.main([Ljava/lang/String;)V+28
v  ~StubRoutines::call_stub
V  [jvm.dll+0x142285]
V  [jvm.dll+0x2070be]
V  [jvm.dll+0x14231e]
V  [jvm.dll+0xce717]
V  [jvm.dll+0xd6cbf]
C  [java.exe+0x20cb]
C  [java.exe+0xab61]
C  [java.exe+0xabeb]
C  [KERNEL32.DLL+0x1495d]
C  [ntdll.dll+0x498ee]
C  [ntdll.dll+0x498c4]

Java frames: (J=compiled Java code, j=interpreted, Vv=VM code)
j  org.openbabel.openbabel_javaJNI.OBConversion_ReadString(JLorg/openbabel/OBConversion;JLorg/openbabel/OBBase;Ljava/lang/String;)Z+0
j  org.openbabel.OBConversion.ReadString(Lorg/openbabel/OBBase;Ljava/lang/String;)Z+11
j  edu.uminho.biosynth.chemanalysis.openbabel.OpenBabelWrapper.convert(Ljava/lang/String;Ljava/lang/String;Ljava/lang/String;)Ljava/lang/String;+27
j  edu.uminho.biosynth.program.InchiToCan.main([Ljava/lang/String;)V+28
v  ~StubRoutines::call_stub

---------------  P R O C E S S  ---------------

Java Threads: ( => current thread )
  0x01fcb000 JavaThread "Service Thread" daemon [_thread_blocked, id=7120, stack(0x14fa0000,0x14ff0000)]
  0x01f97400 JavaThread "C1 CompilerThread0" daemon [_thread_blocked, id=15200, stack(0x14f10000,0x14f60000)]
  0x01f96000 JavaThread "Attach Listener" daemon [_thread_blocked, id=10220, stack(0x14e80000,0x14ed0000)]
  0x01f94400 JavaThread "Signal Dispatcher" daemon [_thread_blocked, id=12640, stack(0x14df0000,0x14e40000)]
  0x01f8a000 JavaThread "Finalizer" daemon [_thread_blocked, id=9312, stack(0x14d60000,0x14db0000)]
  0x01f84000 JavaThread "Reference Handler" daemon [_thread_blocked, id=13772, stack(0x14750000,0x147a0000)]
=>0x0065b800 JavaThread "main" [_thread_in_native, id=13036, stack(0x006a0000,0x006f0000)]

Other Threads:
  0x01f82800 VMThread [stack: 0x146c0000,0x14710000] [id=12920]
  0x01fd0000 WatcherThread [stack: 0x15030000,0x15080000] [id=12972]

VM state:not at safepoint (normal execution)

VM Mutex/Monitor currently owned by a thread: None

Heap:
 def new generation   total 4928K, used 1423K [0x04200000, 0x04750000, 0x09750000)
  eden space 4416K,  20% used [0x04200000, 0x042e3ce8, 0x04650000)
  from space 512K, 100% used [0x04650000, 0x046d0000, 0x046d0000)
  to   space 512K,   0% used [0x046d0000, 0x046d0000, 0x04750000)
 tenured generation   total 10944K, used 3298K [0x09750000, 0x0a200000, 0x14200000)
   the space 10944K,  30% used [0x09750000, 0x09a88878, 0x09a88a00, 0x0a200000)
 Metaspace       used 812K, capacity 2696K, committed 2752K, reserved 4480K

Card table byte_map: [0x04120000,0x041b0000] byte_map_base: 0x040ff000

Polling page: 0x01f20000

CodeCache: size=32768Kb used=832Kb max_used=832Kb free=31936Kb
 bounds [0x020a0000, 0x02170000, 0x040a0000]
 total_blobs=319 nmethods=104 adapters=147
 compilation: enabled

Compilation events (10 events):
Event: 0.166 Thread 0x01f97400  100  s          java.io.ByteArrayInputStream::read (36 bytes)
Event: 0.167 Thread 0x01f97400 nmethod 100 0x02167608 code [0x02167700, 0x02167900]
Event: 0.168 Thread 0x01f97400  101             java.lang.String::indexOf (7 bytes)
Event: 0.168 Thread 0x01f97400 nmethod 101 0x021679c8 code [0x02167ac0, 0x02167b5c]
Event: 0.168 Thread 0x01f97400  102             java.net.URI$Parser::charAt (9 bytes)
Event: 0.168 Thread 0x01f97400 nmethod 102 0x02167bc8 code [0x02167cd0, 0x02167dcc]
Event: 0.169 Thread 0x01f97400  103             java.lang.String::startsWith (72 bytes)
Event: 0.170 Thread 0x01f97400 nmethod 103 0x02167f08 code [0x02168010, 0x02168140]
Event: 0.170 Thread 0x01f97400  104   !         java.io.BufferedReader::readLine (304 bytes)
Event: 0.171 Thread 0x01f97400 nmethod 104 0x02168288 code [0x02168440, 0x02168fc4]

GC Heap History (4 events):
Event: 0.104 GC heap before
{Heap before GC invocations=0 (full 0):
 def new generation   total 4928K, used 4416K [0x04200000, 0x04750000, 0x09750000)
  eden space 4416K, 100% used [0x04200000, 0x04650000, 0x04650000)
  from space 512K,   0% used [0x04650000, 0x04650000, 0x046d0000)
  to   space 512K,   0% used [0x046d0000, 0x046d0000, 0x04750000)
 tenured generation   total 10944K, used 0K [0x09750000, 0x0a200000, 0x14200000)
   the space 10944K,   0% used [0x09750000, 0x09750000, 0x09750200, 0x0a200000)
 Metaspace       used 44K, capacity 2240K, committed 2240K, reserved 4480K
Event: 0.111 GC heap after
Heap after GC invocations=1 (full 0):
 def new generation   total 4928K, used 512K [0x04200000, 0x04750000, 0x09750000)
  eden space 4416K,   0% used [0x04200000, 0x04200000, 0x04650000)
  from space 512K, 100% used [0x046d0000, 0x04750000, 0x04750000)
  to   space 512K,   0% used [0x04650000, 0x04650000, 0x046d0000)
 tenured generation   total 10944K, used 1745K [0x09750000, 0x0a200000, 0x14200000)
   the space 10944K,  15% used [0x09750000, 0x099047f8, 0x09904800, 0x0a200000)
 Metaspace       used 44K, capacity 2240K, committed 2240K, reserved 4480K
}
Event: 0.154 GC heap before
{Heap before GC invocations=1 (full 0):
 def new generation   total 4928K, used 4928K [0x04200000, 0x04750000, 0x09750000)
  eden space 4416K, 100% used [0x04200000, 0x04650000, 0x04650000)
  from space 512K, 100% used [0x046d0000, 0x04750000, 0x04750000)
  to   space 512K,   0% used [0x04650000, 0x04650000, 0x046d0000)
 tenured generation   total 10944K, used 1745K [0x09750000, 0x0a200000, 0x14200000)
   the space 10944K,  15% used [0x09750000, 0x099047f8, 0x09904800, 0x0a200000)
 Metaspace       used 239K, capacity 2240K, committed 2240K, reserved 4480K
Event: 0.159 GC heap after
Heap after GC invocations=2 (full 0):
 def new generation   total 4928K, used 512K [0x04200000, 0x04750000, 0x09750000)
  eden space 4416K,   0% used [0x04200000, 0x04200000, 0x04650000)
  from space 512K, 100% used [0x04650000, 0x046d0000, 0x046d0000)
  to   space 512K,   0% used [0x046d0000, 0x046d0000, 0x04750000)
 tenured generation   total 10944K, used 3298K [0x09750000, 0x0a200000, 0x14200000)
   the space 10944K,  30% used [0x09750000, 0x09a88878, 0x09a88a00, 0x0a200000)
 Metaspace       used 239K, capacity 2240K, committed 2240K, reserved 4480K
}

Deoptimization events (0 events):
No events

Internal exceptions (8 events):
Event: 0.011 Thread 0x0065b800 Exception <a 'java/lang/NoSuchMethodError': Method sun.misc.Unsafe.defineClass(Ljava/lang/String;[BII)Ljava/lang/Class; name or signature does not match> (0x0420b0d8) thrown at [D:\re\workspace\8-2-build-windows-i586-cygwin\jdk8\2238\hotspot\src\share\vm\pw¨6‡?
Event: 0.011 Thread 0x0065b800 Exception <a 'java/lang/NoSuchMethodError': Method sun.misc.Unsafe.prefetchRead(Ljava/lang/Object;J)V name or signature does not match> (0x0420b358) thrown at [D:\re\workspace\8-2-build-windows-i586-cygwin\jdk8\2238\hotspot\src\share\vm\prims\jni.cpp, lineœwõŒ”¶?
Event: 0.088 Thread 0x0065b800 Exception <a 'java/security/PrivilegedActionException'> (0x045214c8) thrown at [D:\re\workspace\8-2-build-windows-i586-cygwin\jdk8\2238\hotspot\src\share\vm\prims\jvm.cpp, line 1248]
Event: 0.172 Thread 0x0065b800 Exception <a 'java/security/PrivilegedActionException'> (0x04248958) thrown at [D:\re\workspace\8-2-build-windows-i586-cygwin\jdk8\2238\hotspot\src\share\vm\prims\jvm.cpp, line 1248]
Event: 0.172 Thread 0x0065b800 Exception <a 'java/security/PrivilegedActionException'> (0x0424b910) thrown at [D:\re\workspace\8-2-build-windows-i586-cygwin\jdk8\2238\hotspot\src\share\vm\prims\jvm.cpp, line 1248]
Event: 0.173 Thread 0x0065b800 Exception <a 'java/security/PrivilegedActionException'> (0x04250200) thrown at [D:\re\workspace\8-2-build-windows-i586-cygwin\jdk8\2238\hotspot\src\share\vm\prims\jvm.cpp, line 1248]
Event: 0.178 Thread 0x0065b800 Exception <a 'java/security/PrivilegedActionException'> (0x0425bb30) thrown at [D:\re\workspace\8-2-build-windows-i586-cygwin\jdk8\2238\hotspot\src\share\vm\prims\jvm.cpp, line 1248]
Event: 0.180 Thread 0x0065b800 Exception <a 'java/security/PrivilegedActionException'> (0x04271dd0) thrown at [D:\re\workspace\8-2-build-windows-i586-cygwin\jdk8\2238\hotspot\src\share\vm\prims\jvm.cpp, line 1248]

Events (10 events):
Event: 0.172 loading class edu/uminho/biosynth/chemanalysis/openbabel/OpenBabelWrapper
Event: 0.172 loading class edu/uminho/biosynth/chemanalysis/openbabel/OpenBabelWrapper done
Event: 0.172 loading class org/openbabel/OBBase
Event: 0.172 loading class org/openbabel/OBBase done
Event: 0.173 loading class org/openbabel/OBMol
Event: 0.173 loading class org/openbabel/OBMol done
Event: 0.178 loading class org/openbabel/OBConversion
Event: 0.178 loading class org/openbabel/OBConversion done
Event: 0.180 loading class org/openbabel/openbabel_javaJNI
Event: 0.180 loading class org/openbabel/openbabel_javaJNI done


Dynamic libraries:
0x00240000 - 0x00270000 	C:\Program Files (x86)\Java\jre8\bin\java.exe
0x778d0000 - 0x77a38000 	C:\Windows\SYSTEM32\ntdll.dll
0x775c0000 - 0x77700000 	C:\Windows\SYSTEM32\KERNEL32.DLL
0x774a0000 - 0x7756f000 	C:\Windows\SYSTEM32\KERNELBASE.dll
0x736b0000 - 0x7374a000 	C:\Windows\system32\apphelp.dll
0x70360000 - 0x705b2000 	C:\Windows\AppPatch\AcGenral.DLL
0x76db0000 - 0x76e6e000 	C:\Windows\SYSTEM32\msvcrt.dll
0x768e0000 - 0x7691e000 	C:\Windows\SYSTEM32\sechost.dll
0x75300000 - 0x7531d000 	C:\Windows\SYSTEM32\SspiCli.dll
0x77570000 - 0x775b1000 	C:\Windows\SYSTEM32\SHLWAPI.dll
0x74090000 - 0x7416c000 	C:\Windows\SYSTEM32\UxTheme.dll
0x75440000 - 0x7558f000 	C:\Windows\SYSTEM32\USER32.dll
0x76930000 - 0x76a38000 	C:\Windows\SYSTEM32\GDI32.dll
0x74060000 - 0x74080000 	C:\Windows\SYSTEM32\WINMM.dll
0x70e70000 - 0x70e82000 	C:\Windows\SYSTEM32\samcli.dll
0x75320000 - 0x7542b000 	C:\Windows\SYSTEM32\ole32.dll
0x772b0000 - 0x77337000 	C:\Windows\SYSTEM32\OLEAUT32.dll
0x70ce0000 - 0x70cf5000 	C:\Windows\SYSTEM32\MSACM32.dll
0x744a0000 - 0x744a8000 	C:\Windows\SYSTEM32\VERSION.dll
0x75730000 - 0x768d4000 	C:\Windows\SYSTEM32\SHELL32.dll
0x75270000 - 0x75289000 	C:\Windows\SYSTEM32\USERENV.dll
0x744b0000 - 0x744c9000 	C:\Windows\SYSTEM32\dwmapi.dll
0x74590000 - 0x746b4000 	C:\Windows\SYSTEM32\urlmon.dll
0x76a90000 - 0x76b07000 	C:\Windows\SYSTEM32\ADVAPI32.dll
0x744d0000 - 0x7452e000 	C:\Windows\SYSTEM32\WINSPOOL.DRV
0x74ac0000 - 0x74ad4000 	C:\Windows\SYSTEM32\MPR.dll
0x75620000 - 0x756d1000 	C:\Windows\SYSTEM32\RPCRT4.dll
0x752f0000 - 0x752f9000 	C:\Windows\SYSTEM32\CRYPTBASE.dll
0x77130000 - 0x7727e000 	C:\Windows\SYSTEM32\combase.dll
0x74040000 - 0x74060000 	C:\Windows\SYSTEM32\WINMMBASE.dll
0x75250000 - 0x7525e000 	C:\Windows\SYSTEM32\profapi.dll
0x74890000 - 0x74aa7000 	C:\Windows\SYSTEM32\iertutil.dll
0x746c0000 - 0x74884000 	C:\Windows\SYSTEM32\WININET.dll
0x75290000 - 0x752e1000 	C:\Windows\SYSTEM32\bcryptPrimitives.dll
0x76b10000 - 0x76b4a000 	C:\Windows\SYSTEM32\cfgmgr32.dll
0x751e0000 - 0x751ff000 	C:\Windows\SYSTEM32\DEVOBJ.dll
0x75160000 - 0x751d7000 	C:\Windows\SYSTEM32\SHCORE.DLL
0x77280000 - 0x772a5000 	C:\Windows\system32\IMM32.DLL
0x77700000 - 0x777f7000 	C:\Windows\SYSTEM32\MSCTF.dll
0x6ffc0000 - 0x701a5000 	C:\Windows\WinSxS\x86_microsoft.windows.common-controls_6595b64144ccf1df_6.0.9600.16384_none_a9f4965301334e09\COMCTL32.dll
0x5be70000 - 0x5bf2f000 	C:\Program Files (x86)\Java\jre8\bin\msvcr100.dll
0x5bad0000 - 0x5be66000 	C:\Program Files (x86)\Java\jre8\bin\client\jvm.dll
0x72d50000 - 0x72d58000 	C:\Windows\SYSTEM32\WSOCK32.dll
0x76920000 - 0x76926000 	C:\Windows\SYSTEM32\PSAPI.DLL
0x76a40000 - 0x76a8d000 	C:\Windows\SYSTEM32\WS2_32.dll
0x77490000 - 0x77497000 	C:\Windows\SYSTEM32\NSI.dll
0x66870000 - 0x6687c000 	C:\Program Files (x86)\Java\jre8\bin\verify.dll
0x60cd0000 - 0x60cf1000 	C:\Program Files (x86)\Java\jre8\bin\java.dll
0x60c50000 - 0x60c63000 	C:\Program Files (x86)\Java\jre8\bin\zip.dll
0x5c430000 - 0x5c4db000 	C:\Program Files (x86)\Java\jre8\bin\openbabel_java.dll
0x5b930000 - 0x5bac8000 	C:\Program Files (x86)\Java\jre8\bin\openbabel-2.dll
0x61b80000 - 0x61be9000 	C:\Windows\SYSTEM32\MSVCP100.dll
0x147e0000 - 0x147f3000 	C:\Program Files (x86)\Java\jre8\bin\zlib1.dll
0x606c0000 - 0x606cb000 	C:\Program Files (x86)\Java\jre8\bin\formats_cairo.obf
0x68dc0000 - 0x68eb7000 	C:\Program Files (x86)\Java\jre8\bin\libcairo-2.dll
0x64f80000 - 0x64fc2000 	C:\Program Files (x86)\Java\jre8\bin\libfontconfig-1.dll
0x6a800000 - 0x6a879000 	C:\Program Files (x86)\Java\jre8\bin\freetype6.dll
0x61a00000 - 0x61a3c000 	C:\Program Files (x86)\Java\jre8\bin\libpng14-14.dll
0x6ffb0000 - 0x6ffb6000 	C:\Windows\SYSTEM32\MSIMG32.DLL
0x68f40000 - 0x68f63000 	C:\Program Files (x86)\Java\jre8\bin\libexpat-1.dll
0x5c3e0000 - 0x5c427000 	C:\Program Files (x86)\Java\jre8\bin\formats_common.obf
0x5c300000 - 0x5c3d2000 	C:\Program Files (x86)\Java\jre8\bin\libinchi.dll
0x5c190000 - 0x5c1fe000 	C:\Program Files (x86)\Java\jre8\bin\formats_compchem.obf
0x5b840000 - 0x5b922000 	C:\Program Files (x86)\Java\jre8\bin\formats_misc.obf
0x15350000 - 0x15359000 	C:\Program Files (x86)\Java\jre8\bin\xdr-0.dll
0x73400000 - 0x734a3000 	C:\Windows\WinSxS\x86_microsoft.vc90.crt_1fc8b3b9a1e18e3b_9.0.30729.8387_none_5094ca96bcb6b2bb\MSVCR90.dll
0x5c2d0000 - 0x5c2f2000 	C:\Program Files (x86)\Java\jre8\bin\formats_utility.obf
0x5c160000 - 0x5c18e000 	C:\Program Files (x86)\Java\jre8\bin\formats_xml.obf
0x15920000 - 0x159f9000 	C:\Program Files (x86)\Java\jre8\bin\libxml2.dll
0x15a50000 - 0x15b2a000 	C:\Program Files (x86)\Java\jre8\bin\iconv.dll
0x5b820000 - 0x5b83d000 	C:\Program Files (x86)\Java\jre8\bin\plugin_charges.obf
0x5c2c0000 - 0x5c2ce000 	C:\Program Files (x86)\Java\jre8\bin\plugin_descriptors.obf
0x5c220000 - 0x5c230000 	C:\Program Files (x86)\Java\jre8\bin\plugin_fingerprints.obf
0x5b7a0000 - 0x5b814000 	C:\Program Files (x86)\Java\jre8\bin\plugin_forcefields.obf
0x5b770000 - 0x5b799000 	C:\Program Files (x86)\Java\jre8\bin\plugin_ops.obf
0x6fe60000 - 0x6ffa8000 	C:\Windows\SYSTEM32\dbghelp.dll

VM Arguments:
java_command: D:/InchiToCan.jar InChI=1S/C8H10/c1-2-4-6-8-7-5-3-1/h1-4,7-8H,5-6H2/b3-1-,4-2-,8-7-
java_class_path (initial): D:/InchiToCan.jar
Launcher Type: SUN_STANDARD

Environment Variables:
PATH=C:\Program Files (x86)\NVIDIA Corporation\PhysX\Common;C:\Windows\system32;C:\Windows;C:\Windows\System32\Wbem;C:\Windows\System32\WindowsPowerShell\v1.0\;C:\Program Files (x86)\Git\cmd;C:\Program Files\MATLAB\R2013b\runtime\win64;C:\Program Files\MATLAB\R2013b\bin;C:\Program Files\MATLAB\R2013b\polyspace\bin
USERNAME=Filipe
OS=Windows_NT
PROCESSOR_IDENTIFIER=Intel64 Family 6 Model 58 Stepping 9, GenuineIntel



---------------  S Y S T E M  ---------------

OS: Windows 8.1 , 64 bit Build 9600 

CPU:total 4 (2 cores per cpu, 2 threads per core) family 6 model 58 stepping 9, cmov, cx8, fxsr, mmx, sse, sse2, sse3, ssse3, sse4.1, sse4.2, popcnt, avx, aes, clmul, erms, ht, tsc, tscinvbit

Memory: 4k page, physical 6174232k(1423676k free), swap 10844244k(3042532k free)

vm_info: Java HotSpot(TM) Client VM (25.0-b70) for windows-x86 JRE (1.8.0-b132), built on Mar  4 2014 03:51:15 by "java_re" with MS VC++ 10.0 (VS2010)

time: Thu Apr 03 02:34:47 2014
elapsed time: 0 seconds

