#
# A fatal error has been detected by the Java Runtime Environment:
#
#  EXCEPTION_ACCESS_VIOLATION (0xc0000005) at pc=0x5ae3e787, pid=4340, tid=6496
#
# JRE version: Java(TM) SE Runtime Environment (8.0-b132) (build 1.8.0-b132)
# Java VM: Java HotSpot(TM) Client VM (25.0-b70 mixed mode, sharing windows-x86 )
# Problematic frame:
# C  [openbabel-2.dll+0xbe787]
#
# Failed to write core dump. Minidumps are not enabled by default on client versions of Windows
#
# If you would like to submit a bug report, please visit:
#   http://bugreport.sun.com/bugreport/crash.jsp
# The crash happened outside the Java Virtual Machine in native code.
# See problematic frame for where to report the bug.
#

---------------  T H R E A D  ---------------

Current thread (0x005fb800):  JavaThread "main" [_thread_in_native, id=6496, stack(0x00660000,0x006b0000)]

siginfo: ExceptionCode=0xc0000005, reading address 0x00000024

Registers:
EAX=0x00000000, EBX=0x152489d0, ECX=0x152489d0, EDX=0x00000028
ESP=0x006af714, EBP=0x006af718, ESI=0x00000000, EDI=0x00000000
EIP=0x5ae3e787, EFLAGS=0x00010246

Top of Stack: (sp=0x006af714)
0x006af714:   00000000 006af81c 5ae757bb 00000000
0x006af724:   eafe83dc 15b104dc 152a6990 00000000
0x006af734:   00000002 00000008 1524e888 1524e898
0x006af744:   1524e898 005f0000 00000001 1523d901
0x006af754:   006af808 5ae74cc6 1523d950 eafe83c8
0x006af764:   15b104dc 152a6990 00000001 00000001
0x006af774:   152305a8 1523dd10 1523dd28 1523dd28
0x006af784:   00000000 15222674 1522bc90 152305a8 

Instructions: (pc=0x5ae3e787)
0x5ae3e767:   04 5e 0f 9c c0 5d c3 1b c0 f7 d8 5e 5d c3 cc cc
0x5ae3e777:   cc cc cc cc cc cc cc cc cc 55 8b ec 8b 45 08 56
0x5ae3e787:   8b 70 24 8b d6 c1 ea 05 32 c0 3b 51 18 73 0f 8b
0x5ae3e797:   41 1c 8b 04 90 8b ce 83 e1 1f d3 e8 24 01 5e 5d 


Register to memory mapping:

EAX=0x00000000 is an unknown value
EBX=0x152489d0 is an unknown value
ECX=0x152489d0 is an unknown value
EDX=0x00000028 is an unknown value
ESP=0x006af714 is pointing into the stack for thread: 0x005fb800
EBP=0x006af718 is pointing into the stack for thread: 0x005fb800
ESI=0x00000000 is an unknown value
EDI=0x00000000 is an unknown value


Stack: [0x00660000,0x006b0000],  sp=0x006af714,  free space=317k
Native frames: (J=compiled Java code, j=interpreted, Vv=VM code, C=native code)
C  [openbabel-2.dll+0xbe787]
C  [openbabel-2.dll+0xf57bb]
C  [openbabel-2.dll+0xfd60f]
C  [formats_common.obf+0x281b4]
C  [openbabel-2.dll+0xa0412]
C  [openbabel-2.dll+0xa060b]
C  [openbabel_java.dll+0x26146]
j  org.openbabel.openbabel_javaJNI.OBConversion_ReadString(JLorg/openbabel/OBConversion;JLorg/openbabel/OBBase;Ljava/lang/String;)Z+0
j  org.openbabel.OBConversion.ReadString(Lorg/openbabel/OBBase;Ljava/lang/String;)Z+11
j  edu.uminho.biosynth.chemanalysis.openbabel.OpenBabelWrapper.convert(Ljava/lang/String;Ljava/lang/String;Ljava/lang/String;)Ljava/lang/String;+27
j  edu.uminho.biosynth.program.InchiToCan.main([Ljava/lang/String;)V+28
v  ~StubRoutines::call_stub
V  [jvm.dll+0x142285]
V  [jvm.dll+0x2070be]
V  [jvm.dll+0x14231e]
V  [jvm.dll+0xce717]
V  [jvm.dll+0xd6cbf]
C  [java.exe+0x20cb]
C  [java.exe+0xab61]
C  [java.exe+0xabeb]
C  [KERNEL32.DLL+0x1495d]
C  [ntdll.dll+0x498ee]
C  [ntdll.dll+0x498c4]

Java frames: (J=compiled Java code, j=interpreted, Vv=VM code)
j  org.openbabel.openbabel_javaJNI.OBConversion_ReadString(JLorg/openbabel/OBConversion;JLorg/openbabel/OBBase;Ljava/lang/String;)Z+0
j  org.openbabel.OBConversion.ReadString(Lorg/openbabel/OBBase;Ljava/lang/String;)Z+11
j  edu.uminho.biosynth.chemanalysis.openbabel.OpenBabelWrapper.convert(Ljava/lang/String;Ljava/lang/String;Ljava/lang/String;)Ljava/lang/String;+27
j  edu.uminho.biosynth.program.InchiToCan.main([Ljava/lang/String;)V+28
v  ~StubRoutines::call_stub

---------------  P R O C E S S  ---------------

Java Threads: ( => current thread )
  0x020de800 JavaThread "Service Thread" daemon [_thread_blocked, id=4812, stack(0x14fe0000,0x15030000)]
  0x020b7800 JavaThread "C1 CompilerThread0" daemon [_thread_blocked, id=12256, stack(0x14f50000,0x14fa0000)]
  0x020b6400 JavaThread "Attach Listener" daemon [_thread_blocked, id=7464, stack(0x14ec0000,0x14f10000)]
  0x020ab800 JavaThread "Signal Dispatcher" daemon [_thread_blocked, id=15244, stack(0x14e30000,0x14e80000)]
  0x020aa000 JavaThread "Finalizer" daemon [_thread_blocked, id=12996, stack(0x14da0000,0x14df0000)]
  0x020a4000 JavaThread "Reference Handler" daemon [_thread_blocked, id=1116, stack(0x14790000,0x147e0000)]
=>0x005fb800 JavaThread "main" [_thread_in_native, id=6496, stack(0x00660000,0x006b0000)]

Other Threads:
  0x020a2800 VMThread [stack: 0x00710000,0x00760000] [id=14748]
  0x020e3800 WatcherThread [stack: 0x15070000,0x150c0000] [id=6256]

VM state:not at safepoint (normal execution)

VM Mutex/Monitor currently owned by a thread: None

Heap:
 def new generation   total 4928K, used 1419K [0x04200000, 0x04750000, 0x09750000)
  eden space 4416K,  20% used [0x04200000, 0x042e2c30, 0x04650000)
  from space 512K, 100% used [0x04650000, 0x046d0000, 0x046d0000)
  to   space 512K,   0% used [0x046d0000, 0x046d0000, 0x04750000)
 tenured generation   total 10944K, used 3298K [0x09750000, 0x0a200000, 0x14200000)
   the space 10944K,  30% used [0x09750000, 0x09a88908, 0x09a88a00, 0x0a200000)
 Metaspace       used 812K, capacity 2696K, committed 2752K, reserved 4480K

Card table byte_map: [0x14200000,0x14290000] byte_map_base: 0x141df000

Polling page: 0x005c0000

CodeCache: size=32768Kb used=832Kb max_used=832Kb free=31936Kb
 bounds [0x02180000, 0x02250000, 0x04180000]
 total_blobs=319 nmethods=104 adapters=147
 compilation: enabled

Compilation events (10 events):
Event: 0.170 Thread 0x020b7800  100  s          java.io.ByteArrayInputStream::read (36 bytes)
Event: 0.170 Thread 0x020b7800 nmethod 100 0x02247608 code [0x02247700, 0x02247900]
Event: 0.172 Thread 0x020b7800  101             java.lang.String::indexOf (7 bytes)
Event: 0.172 Thread 0x020b7800 nmethod 101 0x022479c8 code [0x02247ac0, 0x02247b5c]
Event: 0.172 Thread 0x020b7800  102             java.net.URI$Parser::charAt (9 bytes)
Event: 0.172 Thread 0x020b7800 nmethod 102 0x02247bc8 code [0x02247cd0, 0x02247dcc]
Event: 0.175 Thread 0x020b7800  103             java.lang.String::startsWith (72 bytes)
Event: 0.175 Thread 0x020b7800 nmethod 103 0x02247f08 code [0x02248010, 0x02248140]
Event: 0.176 Thread 0x020b7800  104   !         java.io.BufferedReader::readLine (304 bytes)
Event: 0.177 Thread 0x020b7800 nmethod 104 0x02248288 code [0x02248440, 0x02248fc4]

GC Heap History (4 events):
Event: 0.108 GC heap before
{Heap before GC invocations=0 (full 0):
 def new generation   total 4928K, used 4416K [0x04200000, 0x04750000, 0x09750000)
  eden space 4416K, 100% used [0x04200000, 0x04650000, 0x04650000)
  from space 512K,   0% used [0x04650000, 0x04650000, 0x046d0000)
  to   space 512K,   0% used [0x046d0000, 0x046d0000, 0x04750000)
 tenured generation   total 10944K, used 0K [0x09750000, 0x0a200000, 0x14200000)
   the space 10944K,   0% used [0x09750000, 0x09750000, 0x09750200, 0x0a200000)
 Metaspace       used 44K, capacity 2240K, committed 2240K, reserved 4480K
Event: 0.112 GC heap after
Heap after GC invocations=1 (full 0):
 def new generation   total 4928K, used 512K [0x04200000, 0x04750000, 0x09750000)
  eden space 4416K,   0% used [0x04200000, 0x04200000, 0x04650000)
  from space 512K, 100% used [0x046d0000, 0x04750000, 0x04750000)
  to   space 512K,   0% used [0x04650000, 0x04650000, 0x046d0000)
 tenured generation   total 10944K, used 1745K [0x09750000, 0x0a200000, 0x14200000)
   the space 10944K,  15% used [0x09750000, 0x099046f0, 0x09904800, 0x0a200000)
 Metaspace       used 44K, capacity 2240K, committed 2240K, reserved 4480K
}
Event: 0.152 GC heap before
{Heap before GC invocations=1 (full 0):
 def new generation   total 4928K, used 4928K [0x04200000, 0x04750000, 0x09750000)
  eden space 4416K, 100% used [0x04200000, 0x04650000, 0x04650000)
  from space 512K, 100% used [0x046d0000, 0x04750000, 0x04750000)
  to   space 512K,   0% used [0x04650000, 0x04650000, 0x046d0000)
 tenured generation   total 10944K, used 1745K [0x09750000, 0x0a200000, 0x14200000)
   the space 10944K,  15% used [0x09750000, 0x099046f0, 0x09904800, 0x0a200000)
 Metaspace       used 239K, capacity 2240K, committed 2240K, reserved 4480K
Event: 0.160 GC heap after
Heap after GC invocations=2 (full 0):
 def new generation   total 4928K, used 512K [0x04200000, 0x04750000, 0x09750000)
  eden space 4416K,   0% used [0x04200000, 0x04200000, 0x04650000)
  from space 512K, 100% used [0x04650000, 0x046d0000, 0x046d0000)
  to   space 512K,   0% used [0x046d0000, 0x046d0000, 0x04750000)
 tenured generation   total 10944K, used 3298K [0x09750000, 0x0a200000, 0x14200000)
   the space 10944K,  30% used [0x09750000, 0x09a88908, 0x09a88a00, 0x0a200000)
 Metaspace       used 239K, capacity 2240K, committed 2240K, reserved 4480K
}

Deoptimization events (0 events):
No events

Internal exceptions (8 events):
Event: 0.013 Thread 0x005fb800 Exception <a 'java/lang/NoSuchMethodError': Method sun.misc.Unsafe.defineClass(Ljava/lang/String;[BII)Ljava/lang/Class; name or signature does not match> (0x0420b168) thrown at [D:\re\workspace\8-2-build-windows-i586-cygwin\jdk8\2238\hotspot\src\share\vm\p¶óâõ±Aä?
Event: 0.013 Thread 0x005fb800 Exception <a 'java/lang/NoSuchMethodError': Method sun.misc.Unsafe.prefetchRead(Ljava/lang/Object;J)V name or signature does not match> (0x0420b3e8) thrown at [D:\re\workspace\8-2-build-windows-i586-cygwin\jdk8\2238\hotspot\src\share\vm\prims\jni.cpp, lineˇ]*êul∑?
Event: 0.091 Thread 0x005fb800 Exception <a 'java/security/PrivilegedActionException'> (0x04521590) thrown at [D:\re\workspace\8-2-build-windows-i586-cygwin\jdk8\2238\hotspot\src\share\vm\prims\jvm.cpp, line 1248]
Event: 0.178 Thread 0x005fb800 Exception <a 'java/security/PrivilegedActionException'> (0x042488b0) thrown at [D:\re\workspace\8-2-build-windows-i586-cygwin\jdk8\2238\hotspot\src\share\vm\prims\jvm.cpp, line 1248]
Event: 0.179 Thread 0x005fb800 Exception <a 'java/security/PrivilegedActionException'> (0x0424b748) thrown at [D:\re\workspace\8-2-build-windows-i586-cygwin\jdk8\2238\hotspot\src\share\vm\prims\jvm.cpp, line 1248]
Event: 0.179 Thread 0x005fb800 Exception <a 'java/security/PrivilegedActionException'> (0x04250038) thrown at [D:\re\workspace\8-2-build-windows-i586-cygwin\jdk8\2238\hotspot\src\share\vm\prims\jvm.cpp, line 1248]
Event: 0.184 Thread 0x005fb800 Exception <a 'java/security/PrivilegedActionException'> (0x0425b968) thrown at [D:\re\workspace\8-2-build-windows-i586-cygwin\jdk8\2238\hotspot\src\share\vm\prims\jvm.cpp, line 1248]
Event: 0.186 Thread 0x005fb800 Exception <a 'java/security/PrivilegedActionException'> (0x04271b38) thrown at [D:\re\workspace\8-2-build-windows-i586-cygwin\jdk8\2238\hotspot\src\share\vm\prims\jvm.cpp, line 1248]

Events (10 events):
Event: 0.178 loading class edu/uminho/biosynth/chemanalysis/openbabel/OpenBabelWrapper
Event: 0.178 loading class edu/uminho/biosynth/chemanalysis/openbabel/OpenBabelWrapper done
Event: 0.179 loading class org/openbabel/OBBase
Event: 0.179 loading class org/openbabel/OBBase done
Event: 0.179 loading class org/openbabel/OBMol
Event: 0.179 loading class org/openbabel/OBMol done
Event: 0.184 loading class org/openbabel/OBConversion
Event: 0.184 loading class org/openbabel/OBConversion done
Event: 0.186 loading class org/openbabel/openbabel_javaJNI
Event: 0.186 loading class org/openbabel/openbabel_javaJNI done


Dynamic libraries:
0x00320000 - 0x00350000 	C:\Program Files (x86)\Java\jre8\bin\java.exe
0x778d0000 - 0x77a38000 	C:\Windows\SYSTEM32\ntdll.dll
0x775c0000 - 0x77700000 	C:\Windows\SYSTEM32\KERNEL32.DLL
0x774a0000 - 0x7756f000 	C:\Windows\SYSTEM32\KERNELBASE.dll
0x736b0000 - 0x7374a000 	C:\Windows\system32\apphelp.dll
0x70360000 - 0x705b2000 	C:\Windows\AppPatch\AcGenral.DLL
0x76db0000 - 0x76e6e000 	C:\Windows\SYSTEM32\msvcrt.dll
0x768e0000 - 0x7691e000 	C:\Windows\SYSTEM32\sechost.dll
0x75300000 - 0x7531d000 	C:\Windows\SYSTEM32\SspiCli.dll
0x77570000 - 0x775b1000 	C:\Windows\SYSTEM32\SHLWAPI.dll
0x74090000 - 0x7416c000 	C:\Windows\SYSTEM32\UxTheme.dll
0x75440000 - 0x7558f000 	C:\Windows\SYSTEM32\USER32.dll
0x76930000 - 0x76a38000 	C:\Windows\SYSTEM32\GDI32.dll
0x74060000 - 0x74080000 	C:\Windows\SYSTEM32\WINMM.dll
0x70e70000 - 0x70e82000 	C:\Windows\SYSTEM32\samcli.dll
0x75320000 - 0x7542b000 	C:\Windows\SYSTEM32\ole32.dll
0x772b0000 - 0x77337000 	C:\Windows\SYSTEM32\OLEAUT32.dll
0x70ce0000 - 0x70cf5000 	C:\Windows\SYSTEM32\MSACM32.dll
0x744a0000 - 0x744a8000 	C:\Windows\SYSTEM32\VERSION.dll
0x75730000 - 0x768d4000 	C:\Windows\SYSTEM32\SHELL32.dll
0x75270000 - 0x75289000 	C:\Windows\SYSTEM32\USERENV.dll
0x744b0000 - 0x744c9000 	C:\Windows\SYSTEM32\dwmapi.dll
0x74590000 - 0x746b4000 	C:\Windows\SYSTEM32\urlmon.dll
0x76a90000 - 0x76b07000 	C:\Windows\SYSTEM32\ADVAPI32.dll
0x744d0000 - 0x7452e000 	C:\Windows\SYSTEM32\WINSPOOL.DRV
0x74ac0000 - 0x74ad4000 	C:\Windows\SYSTEM32\MPR.dll
0x75620000 - 0x756d1000 	C:\Windows\SYSTEM32\RPCRT4.dll
0x752f0000 - 0x752f9000 	C:\Windows\SYSTEM32\CRYPTBASE.dll
0x77130000 - 0x7727e000 	C:\Windows\SYSTEM32\combase.dll
0x74040000 - 0x74060000 	C:\Windows\SYSTEM32\WINMMBASE.dll
0x75250000 - 0x7525e000 	C:\Windows\SYSTEM32\profapi.dll
0x74890000 - 0x74aa7000 	C:\Windows\SYSTEM32\iertutil.dll
0x746c0000 - 0x74884000 	C:\Windows\SYSTEM32\WININET.dll
0x75290000 - 0x752e1000 	C:\Windows\SYSTEM32\bcryptPrimitives.dll
0x76b10000 - 0x76b4a000 	C:\Windows\SYSTEM32\cfgmgr32.dll
0x751e0000 - 0x751ff000 	C:\Windows\SYSTEM32\DEVOBJ.dll
0x75160000 - 0x751d7000 	C:\Windows\SYSTEM32\SHCORE.DLL
0x77280000 - 0x772a5000 	C:\Windows\system32\IMM32.DLL
0x77700000 - 0x777f7000 	C:\Windows\SYSTEM32\MSCTF.dll
0x6ffc0000 - 0x701a5000 	C:\Windows\WinSxS\x86_microsoft.windows.common-controls_6595b64144ccf1df_6.0.9600.16384_none_a9f4965301334e09\COMCTL32.dll
0x5f900000 - 0x5f9bf000 	C:\Program Files (x86)\Java\jre8\bin\msvcr100.dll
0x5af20000 - 0x5b2b6000 	C:\Program Files (x86)\Java\jre8\bin\client\jvm.dll
0x72d50000 - 0x72d58000 	C:\Windows\SYSTEM32\WSOCK32.dll
0x76920000 - 0x76926000 	C:\Windows\SYSTEM32\PSAPI.DLL
0x76a40000 - 0x76a8d000 	C:\Windows\SYSTEM32\WS2_32.dll
0x77490000 - 0x77497000 	C:\Windows\SYSTEM32\NSI.dll
0x60e30000 - 0x60e3c000 	C:\Program Files (x86)\Java\jre8\bin\verify.dll
0x5f8d0000 - 0x5f8f1000 	C:\Program Files (x86)\Java\jre8\bin\java.dll
0x60e10000 - 0x60e23000 	C:\Program Files (x86)\Java\jre8\bin\zip.dll
0x5f810000 - 0x5f8bb000 	C:\Program Files (x86)\Java\jre8\bin\openbabel_java.dll
0x5ad80000 - 0x5af18000 	C:\Program Files (x86)\Java\jre8\bin\openbabel-2.dll
0x61b80000 - 0x61be9000 	C:\Windows\SYSTEM32\MSVCP100.dll
0x15350000 - 0x15363000 	C:\Program Files (x86)\Java\jre8\bin\zlib1.dll
0x5f800000 - 0x5f80b000 	C:\Program Files (x86)\Java\jre8\bin\formats_cairo.obf
0x68dc0000 - 0x68eb7000 	C:\Program Files (x86)\Java\jre8\bin\libcairo-2.dll
0x64f80000 - 0x64fc2000 	C:\Program Files (x86)\Java\jre8\bin\libfontconfig-1.dll
0x6a800000 - 0x6a879000 	C:\Program Files (x86)\Java\jre8\bin\freetype6.dll
0x61a00000 - 0x61a3c000 	C:\Program Files (x86)\Java\jre8\bin\libpng14-14.dll
0x6ffb0000 - 0x6ffb6000 	C:\Windows\SYSTEM32\MSIMG32.DLL
0x68f40000 - 0x68f63000 	C:\Program Files (x86)\Java\jre8\bin\libexpat-1.dll
0x5b760000 - 0x5b7a7000 	C:\Program Files (x86)\Java\jre8\bin\formats_common.obf
0x5aca0000 - 0x5ad72000 	C:\Program Files (x86)\Java\jre8\bin\libinchi.dll
0x57f50000 - 0x57fbe000 	C:\Program Files (x86)\Java\jre8\bin\formats_compchem.obf
0x57e60000 - 0x57f42000 	C:\Program Files (x86)\Java\jre8\bin\formats_misc.obf
0x153b0000 - 0x153b9000 	C:\Program Files (x86)\Java\jre8\bin\xdr-0.dll
0x73400000 - 0x734a3000 	C:\Windows\WinSxS\x86_microsoft.vc90.crt_1fc8b3b9a1e18e3b_9.0.30729.8387_none_5094ca96bcb6b2bb\MSVCR90.dll
0x5f7d0000 - 0x5f7f2000 	C:\Program Files (x86)\Java\jre8\bin\formats_utility.obf
0x5c140000 - 0x5c16e000 	C:\Program Files (x86)\Java\jre8\bin\formats_xml.obf
0x15920000 - 0x159f9000 	C:\Program Files (x86)\Java\jre8\bin\libxml2.dll
0x15a00000 - 0x15ada000 	C:\Program Files (x86)\Java\jre8\bin\iconv.dll
0x5b740000 - 0x5b75d000 	C:\Program Files (x86)\Java\jre8\bin\plugin_charges.obf
0x5f7c0000 - 0x5f7ce000 	C:\Program Files (x86)\Java\jre8\bin\plugin_descriptors.obf
0x5f770000 - 0x5f780000 	C:\Program Files (x86)\Java\jre8\bin\plugin_fingerprints.obf
0x56040000 - 0x560b4000 	C:\Program Files (x86)\Java\jre8\bin\plugin_forcefields.obf
0x5ac70000 - 0x5ac99000 	C:\Program Files (x86)\Java\jre8\bin\plugin_ops.obf
0x6fe60000 - 0x6ffa8000 	C:\Windows\SYSTEM32\dbghelp.dll

VM Arguments:
java_command: D:/InchiToCan.jar InChI=1S/C15H20O5/c1-8-10-4-3-9-7-15(2,6-5-11(9)20-18)13(16)12(10)19-14(8)17/h3,10-13,16,18H,1,4-7H2,2H3/b9-3+/t10-,11+,12-,13+,15+/m0/s1
java_class_path (initial): D:/InchiToCan.jar
Launcher Type: SUN_STANDARD

Environment Variables:
PATH=C:\Program Files (x86)\NVIDIA Corporation\PhysX\Common;C:\Windows\system32;C:\Windows;C:\Windows\System32\Wbem;C:\Windows\System32\WindowsPowerShell\v1.0\;C:\Program Files (x86)\Git\cmd;C:\Program Files\MATLAB\R2013b\runtime\win64;C:\Program Files\MATLAB\R2013b\bin;C:\Program Files\MATLAB\R2013b\polyspace\bin
USERNAME=Filipe
OS=Windows_NT
PROCESSOR_IDENTIFIER=Intel64 Family 6 Model 58 Stepping 9, GenuineIntel



---------------  S Y S T E M  ---------------

OS: Windows 8.1 , 64 bit Build 9600 

CPU:total 4 (2 cores per cpu, 2 threads per core) family 6 model 58 stepping 9, cmov, cx8, fxsr, mmx, sse, sse2, sse3, ssse3, sse4.1, sse4.2, popcnt, avx, aes, clmul, erms, ht, tsc, tscinvbit

Memory: 4k page, physical 6174232k(2642756k free), swap 11911252k(5484604k free)

vm_info: Java HotSpot(TM) Client VM (25.0-b70) for windows-x86 JRE (1.8.0-b132), built on Mar  4 2014 03:51:15 by "java_re" with MS VC++ 10.0 (VS2010)

time: Thu Apr 03 16:42:57 2014
elapsed time: 0 seconds

