#
# A fatal error has been detected by the Java Runtime Environment:
#
#  EXCEPTION_STACK_OVERFLOW (0xc00000fd) at pc=0x5ba7f31e, pid=13864, tid=11320
#
# JRE version: Java(TM) SE Runtime Environment (8.0-b132) (build 1.8.0-b132)
# Java VM: Java HotSpot(TM) Client VM (25.0-b70 mixed mode, sharing windows-x86 )
# Problematic frame:
# C  [openbabel-2.dll+0x8f31e]
#
# Failed to write core dump. Minidumps are not enabled by default on client versions of Windows
#
# If you would like to submit a bug report, please visit:
#   http://bugreport.sun.com/bugreport/crash.jsp
# The crash happened outside the Java Virtual Machine in native code.
# See problematic frame for where to report the bug.
#

---------------  T H R E A D  ---------------

Current thread (0x0207d400):  JavaThread "main" [_thread_in_native, id=11320, stack(0x00550000,0x005a0000)]

siginfo: ExceptionCode=0xc00000fd, ExceptionInformation=0x00000001 0x00550fdc 

Registers:
EAX=0xa88661a5, EBX=0x00000000, ECX=0x1531a380, EDX=0x00596b94
ESP=0x00550fe0, EBP=0x00551028, ESI=0x00596ae0, EDI=0x00000251
EIP=0x5ba7f31e, EFLAGS=0x00010286

Top of Stack: (sp=0x00550fe0)
0x00550fe0:   00000000 00000000 00000000 00000000
0x00550ff0:   00000000 00000000 00000000 00000000
0x00551000:   00000000 00000000 00000000 00000000
0x00551010:   00000000 00596ae0 a88661a5 005510f8
0x00551020:   5baf81d0 ffffffff 00551104 5ba294c6
0x00551030:   000000eb 000001c2 00596b94 00596be0
0x00551040:   00596ae0 a8866089 000001c2 00000002
0x00551050:   00596af0 00000000 152ab7c4 152b5f50 

Instructions: (pc=0x5ba7f31e)
0x5ba7f2fe:   04 00 55 8b ec 6a ff 68 d0 81 af 5b 64 a1 00 00
0x5ba7f30e:   00 00 50 83 ec 3c a1 d0 65 b7 5b 33 c5 89 45 f0
0x5ba7f31e:   53 50 8d 45 f4 64 a3 00 00 00 00 8b 45 08 83 f8
0x5ba7f32e:   01 72 14 3b 81 a0 00 00 00 77 0c 8b 49 38 8b 44 


Register to memory mapping:

EAX=0xa88661a5 is an unknown value
EBX=0x00000000 is an unknown value
ECX=0x1531a380 is an unknown value
EDX=0x00596b94 is pointing into the stack for thread: 0x0207d400
ESP=0x00550fe0 is pointing into the stack for thread: 0x0207d400
EBP=0x00551028 is pointing into the stack for thread: 0x0207d400
ESI=0x00596ae0 is pointing into the stack for thread: 0x0207d400
EDI=0x00000251 is an unknown value


Stack: [0x00550000,0x005a0000],  sp=0x00550fe0,  free space=3k
Native frames: (J=compiled Java code, j=interpreted, Vv=VM code, C=native code)
C  [openbabel-2.dll+0x8f31e]
C  [openbabel-2.dll+0x394c6]
C  [openbabel-2.dll+0x38da0]
C  [openbabel-2.dll+0x394fc]
C  [openbabel-2.dll+0x394cc]
C  [openbabel-2.dll+0x394cc]
C  [openbabel-2.dll+0x394cc]
C  [openbabel-2.dll+0x38da0]
C  [openbabel-2.dll+0x394fc]
C  [openbabel-2.dll+0x394cc]
C  [openbabel-2.dll+0x38bfa]
C  [openbabel-2.dll+0x394fc]
C  [openbabel-2.dll+0x394cc]
C  [openbabel-2.dll+0x394cc]
C  [openbabel-2.dll+0x38da0]
C  [openbabel-2.dll+0x394fc]
C  [openbabel-2.dll+0x394cc]
C  [openbabel-2.dll+0x394cc]
C  [openbabel-2.dll+0x38da0]
C  [openbabel-2.dll+0x394fc]
C  [openbabel-2.dll+0x394cc]
C  [openbabel-2.dll+0x38da0]
C  [openbabel-2.dll+0x394fc]
C  [openbabel-2.dll+0x394cc]
C  [openbabel-2.dll+0x38da0]
C  [openbabel-2.dll+0x394fc]
C  [openbabel-2.dll+0x394cc]
C  [openbabel-2.dll+0x394cc]
C  [openbabel-2.dll+0x38da0]
C  [openbabel-2.dll+0x394fc]
C  [openbabel-2.dll+0x394cc]
C  [openbabel-2.dll+0x38da0]
C  [openbabel-2.dll+0x394fc]
C  [openbabel-2.dll+0x394cc]
C  [openbabel-2.dll+0x38da0]
C  [openbabel-2.dll+0x394fc]
C