#
# A fatal error has been detected by the Java Runtime Environment:
#
#  EXCEPTION_ACCESS_VIOLATION (0xc0000005) at pc=0x5baae787, pid=10716, tid=4964
#
# JRE version: Java(TM) SE Runtime Environment (8.0-b132) (build 1.8.0-b132)
# Java VM: Java HotSpot(TM) Client VM (25.0-b70 mixed mode, sharing windows-x86 )
# Problematic frame:
# C  [openbabel-2.dll+0xbe787]
#
# Failed to write core dump. Minidumps are not enabled by default on client versions of Windows
#
# If you would like to submit a bug report, please visit:
#   http://bugreport.sun.com/bugreport/crash.jsp
# The crash happened outside the Java Virtual Machine in native code.
# See problematic frame for where to report the bug.
#

---------------  T H R E A D  ---------------

Current thread (0x0212b800):  JavaThread "main" [_thread_in_native, id=4964, stack(0x00410000,0x00460000)]

siginfo: ExceptionCode=0xc0000005, reading address 0x00000024

Registers:
EAX=0x00000000, EBX=0x1505c298, ECX=0x1505c298, EDX=0x00000044
ESP=0x0045f5c4, EBP=0x0045f5c8, ESI=0x00000000, EDI=0x00000000
EIP=0x5baae787, EFLAGS=0x00010246

Top of Stack: (sp=0x0045f5c4)
0x0045f5c4:   00000000 0045f6cc 5bae57bb 00000000
0x0045f5d4:   4edb3d80 1505c190 1506eb50 00000000
0x0045f5e4:   00000005 00000007 15016df8 15016e08
0x0045f5f4:   15016e08 02120000 00000001 15008801
0x0045f604:   0045f6b8 5bae4cc6 15008818 4edb3df4
0x0045f614:   1505c190 1506eb50 00000001 00000001
0x0045f624:   14ff5a78 1501a320 1501a344 1501a344
0x0045f634:   14fe9e20 14fe98ec 14ff8b48 14ff5a78 

Instructions: (pc=0x5baae787)
0x5baae767:   04 5e 0f 9c c0 5d c3 1b c0 f7 d8 5e 5d c3 cc cc
0x5baae777:   cc cc cc cc cc cc cc cc cc 55 8b ec 8b 45 08 56
0x5baae787:   8b 70 24 8b d6 c1 ea 05 32 c0 3b 51 18 73 0f 8b
0x5baae797:   41 1c 8b 04 90 8b ce 83 e1 1f d3 e8 24 01 5e 5d 


Register to memory mapping:

EAX=0x00000000 is an unknown value
EBX=0x1505c298 is an unknown value
ECX=0x1505c298 is an unknown value
EDX=0x00000044 is an unknown value
ESP=0x0045f5c4 is pointing into the stack for thread: 0x0212b800
EBP=0x0045f5c8 is pointing into the stack for thread: 0x0212b800
ESI=0x00000000 is an unknown value
EDI=0x00000000 is an unknown value


Stack: [0x00410000,0x00460000],  sp=0x0045f5c4,  free space=317k
Native frames: (J=compiled Java code, j=interpreted, Vv=VM code, C=native code)
C  [openbabel-2.dll+0xbe787]
C  [openbabel-2.dll+0xf57bb]
C  [openbabel-2.dll+0xfd60f]
C  [formats_common.obf+0x281b4]
C  [openbabel-2.dll+0xa0412]
C  [openbabel-2.dll+0xa060b]
C  [openbabel_java.dll+0x26146]
j  org.openbabel.openbabel_javaJNI.OBConversion_ReadString(JLorg/openbabel/OBConversion;JLorg/openbabel/OBBase;Ljava/lang/String;)Z+0
j  org.openbabel.OBConversion.ReadString(Lorg/openbabel/OBBase;Ljava/lang/String;)Z+11
j  edu.uminho.biosynth.chemanalysis.openbabel.OpenBabelWrapper.convert(Ljava/lang/String;Ljava/lang/String;Ljava/lang/String;)Ljava/lang/String;+27
j  edu.uminho.biosynth.program.InchiToCan.main([Ljava/lang/String;)V+28
v  ~StubRoutines::call_stub
V  [jvm.dll+0x142285]
V  [jvm.dll+0x2070be]
V  [jvm.dll+0x14231e]
V  [jvm.dll+0xce717]
V  [jvm.dll+0xd6cbf]
C  [java.exe+0x20cb]
C  [java.exe+0xab61]
C  [java.exe+0xabeb]
C  [KERNEL32.DLL+0x1495d]
C  [ntdll.dll+0x498ee]
C  [ntdll.dll+0x498c4]

Java frames: (J=compiled Java code, j=interpreted, Vv=VM code)
j  org.openbabel.openbabel_javaJNI.OBConversion_ReadString(JLorg/openbabel/OBConversion;JLorg/openbabel/OBBase;Ljava/lang/String;)Z+0
j  org.openbabel.OBConversion.ReadString(Lorg/openbabel/OBBase;Ljava/lang/String;)Z+11
j  edu.uminho.biosynth.chemanalysis.openbabel.OpenBabelWrapper.convert(Ljava/lang/String;Ljava/lang/String;Ljava/lang/String;)Ljava/lang/String;+27
j  edu.uminho.biosynth.program.InchiToCan.main([Ljava/lang/String;)V+28
v  ~StubRoutines::call_stub

---------------  P R O C E S S  ---------------

Java Threads: ( => current thread )
  0x01e17400 JavaThread "Service Thread" daemon [_thread_blocked, id=168, stack(0x14e30000,0x14e80000)]
  0x01e1c400 JavaThread "C1 CompilerThread0" daemon [_thread_blocked, id=14108, stack(0x14da0000,0x14df0000)]
  0x01e17000 JavaThread "Attach Listener" daemon [_thread_blocked, id=6652, stack(0x14780000,0x147d0000)]
  0x01e19c00 JavaThread "Signal Dispatcher" daemon [_thread_blocked, id=11396, stack(0x146f0000,0x14740000)]
  0x01e0a000 JavaThread "Finalizer" daemon [_thread_blocked, id=14720, stack(0x14660000,0x146b0000)]
  0x01e04000 JavaThread "Reference Handler" daemon [_thread_blocked, id=8852, stack(0x04170000,0x041c0000)]
=>0x0212b800 JavaThread "main" [_thread_in_native, id=4964, stack(0x00410000,0x00460000)]

Other Threads:
  0x01e02800 VMThread [stack: 0x020b0000,0x02100000] [id=7372]
  0x01e4ac00 WatcherThread [stack: 0x14ec0000,0x14f10000] [id=11024]

VM state:not at safepoint (normal execution)

VM Mutex/Monitor currently owned by a thread: None

Heap:
 def new generation   total 4928K, used 1419K [0x04200000, 0x04750000, 0x09750000)
  eden space 4416K,  20% used [0x04200000, 0x042e2cc0, 0x04650000)
  from space 512K, 100% used [0x04650000, 0x046d0000, 0x046d0000)
  to   space 512K,   0% used [0x046d0000, 0x046d0000, 0x04750000)
 tenured generation   total 10944K, used 3298K [0x09750000, 0x0a200000, 0x14200000)
   the space 10944K,  30% used [0x09750000, 0x09a88968, 0x09a88a00, 0x0a200000)
 Metaspace       used 812K, capacity 2696K, committed 2752K, reserved 4480K

Card table byte_map: [0x01fc0000,0x02050000] byte_map_base: 0x01f9f000

Polling page: 0x00580000

CodeCache: size=32768Kb used=832Kb max_used=832Kb free=31936Kb
 bounds [0x02130000, 0x02200000, 0x04130000]
 total_blobs=319 nmethods=104 adapters=147
 compilation: enabled

Compilation events (10 events):
Event: 0.151 Thread 0x01e1c400  100  s          java.io.ByteArrayInputStream::read (36 bytes)
Event: 0.151 Thread 0x01e1c400 nmethod 100 0x021f7608 code [0x021f7700, 0x021f7900]
Event: 0.152 Thread 0x01e1c400  101             java.lang.String::indexOf (7 bytes)
Event: 0.153 Thread 0x01e1c400 nmethod 101 0x021f79c8 code [0x021f7ac0, 0x021f7b5c]
Event: 0.153 Thread 0x01e1c400  102             java.net.URI$Parser::charAt (9 bytes)
Event: 0.153 Thread 0x01e1c400 nmethod 102 0x021f7bc8 code [0x021f7cd0, 0x021f7dcc]
Event: 0.154 Thread 0x01e1c400  103             java.lang.String::startsWith (72 bytes)
Event: 0.154 Thread 0x01e1c400 nmethod 103 0x021f7f08 code [0x021f8010, 0x021f8140]
Event: 0.155 Thread 0x01e1c400  104   !         java.io.BufferedReader::readLine (304 bytes)
Event: 0.156 Thread 0x01e1c400 nmethod 104 0x021f8288 code [0x021f8440, 0x021f8fc4]

GC Heap History (4 events):
Event: 0.100 GC heap before
{Heap before GC invocations=0 (full 0):
 def new generation   total 4928K, used 4416K [0x04200000, 0x04750000, 0x09750000)
  eden space 4416K, 100% used [0x04200000, 0x04650000, 0x04650000)
  from space 512K,   0% used [0x04650000, 0x04650000, 0x046d0000)
  to   space 512K,   0% used [0x046d0000, 0x046d0000, 0x04750000)
 tenured generation   total 10944K, used 0K [0x09750000, 0x0a200000, 0x14200000)
   the space 10944K,   0% used [0x09750000, 0x09750000, 0x09750200, 0x0a200000)
 Metaspace       used 44K, capacity 2240K, committed 2240K, reserved 4480K
Event: 0.105 GC heap after
Heap after GC invocations=1 (full 0):
 def new generation   total 4928K, used 512K [0x04200000, 0x04750000, 0x09750000)
  eden space 4416K,   0% used [0x04200000, 0x04200000, 0x04650000)
  from space 512K, 100% used [0x046d0000, 0x04750000, 0x04750000)
  to   space 512K,   0% used [0x04650000, 0x04650000, 0x046d0000)
 tenured generation   total 10944K, used 1745K [0x09750000, 0x0a200000, 0x14200000)
   the space 10944K,  15% used [0x09750000, 0x09904690, 0x09904800, 0x0a200000)
 Metaspace       used 44K, capacity 2240K, committed 2240K, reserved 4480K
}
Event: 0.139 GC heap before
{Heap before GC invocations=1 (full 0):
 def new generation   total 4928K, used 4928K [0x04200000, 0x04750000, 0x09750000)
  eden space 4416K, 100% used [0x04200000, 0x04650000, 0x04650000)
  from space 512K, 100% used [0x046d0000, 0x04750000, 0x04750000)
  to   space 512K,   0% used [0x04650000, 0x04650000, 0x046d0000)
 tenured generation   total 10944K, used 1745K [0x09750000, 0x0a200000, 0x14200000)
   the space 10944K,  15% used [0x09750000, 0x09904690, 0x09904800, 0x0a200000)
 Metaspace       used 239K, capacity 2240K, committed 2240K, reserved 4480K
Event: 0.144 GC heap after
Heap after GC invocations=2 (full 0):
 def new generation   total 4928K, used 512K [0x04200000, 0x04750000, 0x09750000)
  eden space 4416K,   0% used [0x04200000, 0x04200000, 0x04650000)
  from space 512K, 100% used [0x04650000, 0x046d0000, 0x046d0000)
  to   space 512K,   0% used [0x046d0000, 0x046d0000, 0x04750000)
 tenured generation   total 10944K, used 3298K [0x09750000, 0x0a200000, 0x14200000)
   the space 10944K,  30% used [0x09750000, 0x09a88968, 0x09a88a00, 0x0a200000)
 Metaspace       used 239K, capacity 2240K, committed 2240K, reserved 4480K
}

Deoptimization events (0 events):
No events

Internal exceptions (8 events):
Event: 0.011 Thread 0x0212b800 Exception <a 'java/lang/NoSuchMethodError': Method sun.misc.Unsafe.defineClass(Ljava/lang/String;[BII)Ljava/lang/Class; name or signature does not match> (0x0420b1c8) thrown at [D:\re\workspace\8-2-build-windows-i586-cygwin\jdk8\2238\hotspot\src\share\vm\pËåY ó†?
Event: 0.011 Thread 0x0212b800 Exception <a 'java/lang/NoSuchMethodError': Method sun.misc.Unsafe.prefetchRead(Ljava/lang/Object;J)V name or signature does not match> (0x0420b448) thrown at [D:\re\workspace\8-2-build-windows-i586-cygwin\jdk8\2238\hotspot\src\share\vm\prims\jni.cpp, line¾nï³âÊµ?
Event: 0.085 Thread 0x0212b800 Exception <a 'java/security/PrivilegedActionException'> (0x04521740) thrown at [D:\re\workspace\8-2-build-windows-i586-cygwin\jdk8\2238\hotspot\src\share\vm\prims\jvm.cpp, line 1248]
Event: 0.156 Thread 0x0212b800 Exception <a 'java/security/PrivilegedActionException'> (0x04248cb8) thrown at [D:\re\workspace\8-2-build-windows-i586-cygwin\jdk8\2238\hotspot\src\share\vm\prims\jvm.cpp, line 1248]
Event: 0.157 Thread 0x0212b800 Exception <a 'java/security/PrivilegedActionException'> (0x0424bb78) thrown at [D:\re\workspace\8-2-build-windows-i586-cygwin\jdk8\2238\hotspot\src\share\vm\prims\jvm.cpp, line 1248]
Event: 0.157 Thread 0x0212b800 Exception <a 'java/security/PrivilegedActionException'> (0x04250468) thrown at [D:\re\workspace\8-2-build-windows-i586-cygwin\jdk8\2238\hotspot\src\share\vm\prims\jvm.cpp, line 1248]
Event: 0.161 Thread 0x0212b800 Exception <a 'java/security/PrivilegedActionException'> (0x04266a70) thrown at [D:\re\workspace\8-2-build-windows-i586-cygwin\jdk8\2238\hotspot\src\share\vm\prims\jvm.cpp, line 1248]
Event: 0.162 Thread 0x0212b800 Exception <a 'java/security/PrivilegedActionException'> (0x04271fa8) thrown at [D:\re\workspace\8-2-build-windows-i586-cygwin\jdk8\2238\hotspot\src\share\vm\prims\jvm.cpp, line 1248]

Events (10 events):
Event: 0.156 loading class edu/uminho/biosynth/chemanalysis/openbabel/OpenBabelWrapper
Event: 0.156 loading class edu/uminho/biosynth/chemanalysis/openbabel/OpenBabelWrapper done
Event: 0.157 loading class org/openbabel/OBBase
Event: 0.157 loading class org/openbabel/OBBase done
Event: 0.157 loading class org/openbabel/OBMol
Event: 0.157 loading class org/openbabel/OBMol done
Event: 0.161 loading class org/openbabel/OBConversion
Event: 0.161 loading class org/openbabel/OBConversion done
Event: 0.162 loading class org/openbabel/openbabel_javaJNI
Event: 0.162 loading class org/openbabel/openbabel_javaJNI done


Dynamic libraries:
0x00240000 - 0x00270000 	C:\Program Files (x86)\Java\jre8\bin\java.exe
0x778d0000 - 0x77a38000 	C:\Windows\SYSTEM32\ntdll.dll
0x775c0000 - 0x77700000 	C:\Windows\SYSTEM32\KERNEL32.DLL
0x774a0000 - 0x7756f000 	C:\Windows\SYSTEM32\KERNELBASE.dll
0x736b0000 - 0x7374a000 	C:\Windows\system32\apphelp.dll
0x70360000 - 0x705b2000 	C:\Windows\AppPatch\AcGenral.DLL
0x76db0000 - 0x76e6e000 	C:\Windows\SYSTEM32\msvcrt.dll
0x768e0000 - 0x7691e000 	C:\Windows\SYSTEM32\sechost.dll
0x75300000 - 0x7531d000 	C:\Windows\SYSTEM32\SspiCli.dll
0x77570000 - 0x775b1000 	C:\Windows\SYSTEM32\SHLWAPI.dll
0x74090000 - 0x7416c000 	C:\Windows\SYSTEM32\UxTheme.dll
0x75440000 - 0x7558f000 	C:\Windows\SYSTEM32\USER32.dll
0x76930000 - 0x76a38000 	C:\Windows\SYSTEM32\GDI32.dll
0x74060000 - 0x74080000 	C:\Windows\SYSTEM32\WINMM.dll
0x70e70000 - 0x70e82000 	C:\Windows\SYSTEM32\samcli.dll
0x75320000 - 0x7542b000 	C:\Windows\SYSTEM32\ole32.dll
0x772b0000 - 0x77337000 	C:\Windows\SYSTEM32\OLEAUT32.dll
0x70ce0000 - 0x70cf5000 	C:\Windows\SYSTEM32\MSACM32.dll
0x744a0000 - 0x744a8000 	C:\Windows\SYSTEM32\VERSION.dll
0x75730000 - 0x768d4000 	C:\Windows\SYSTEM32\SHELL32.dll
0x75270000 - 0x75289000 	C:\Windows\SYSTEM32\USERENV.dll
0x744b0000 - 0x744c9000 	C:\Windows\SYSTEM32\dwmapi.dll
0x74590000 - 0x746b4000 	C:\Windows\SYSTEM32\urlmon.dll
0x76a90000 - 0x76b07000 	C:\Windows\SYSTEM32\ADVAPI32.dll
0x744d0000 - 0x7452e000 	C:\Windows\SYSTEM32\WINSPOOL.DRV
0x74ac0000 - 0x74ad4000 	C:\Windows\SYSTEM32\MPR.dll
0x75620000 - 0x756d1000 	C:\Windows\SYSTEM32\RPCRT4.dll
0x752f0000 - 0x752f9000 	C:\Windows\SYSTEM32\CRYPTBASE.dll
0x77130000 - 0x7727e000 	C:\Windows\SYSTEM32\combase.dll
0x74040000 - 0x74060000 	C:\Windows\SYSTEM32\WINMMBASE.dll
0x75250000 - 0x7525e000 	C:\Windows\SYSTEM32\profapi.dll
0x74890000 - 0x74aa7000 	C:\Windows\SYSTEM32\iertutil.dll
0x746c0000 - 0x74884000 	C:\Windows\SYSTEM32\WININET.dll
0x75290000 - 0x752e1000 	C:\Windows\SYSTEM32\bcryptPrimitives.dll
0x76b10000 - 0x76b4a000 	C:\Windows\SYSTEM32\cfgmgr32.dll
0x751e0000 - 0x751ff000 	C:\Windows\SYSTEM32\DEVOBJ.dll
0x75160000 - 0x751d7000 	C:\Windows\SYSTEM32\SHCORE.DLL
0x77280000 - 0x772a5000 	C:\Windows\system32\IMM32.DLL
0x77700000 - 0x777f7000 	C:\Windows\SYSTEM32\MSCTF.dll
0x6ffc0000 - 0x701a5000 	C:\Windows\WinSxS\x86_microsoft.windows.common-controls_6595b64144ccf1df_6.0.9600.16384_none_a9f4965301334e09\COMCTL32.dll
0x5c420000 - 0x5c4df000 	C:\Program Files (x86)\Java\jre8\bin\msvcr100.dll
0x5bb90000 - 0x5bf26000 	C:\Program Files (x86)\Java\jre8\bin\client\jvm.dll
0x72d50000 - 0x72d58000 	C:\Windows\SYSTEM32\WSOCK32.dll
0x76920000 - 0x76926000 	C:\Windows\SYSTEM32\PSAPI.DLL
0x76a40000 - 0x76a8d000 	C:\Windows\SYSTEM32\WS2_32.dll
0x77490000 - 0x77497000 	C:\Windows\SYSTEM32\NSI.dll
0x66870000 - 0x6687c000 	C:\Program Files (x86)\Java\jre8\bin\verify.dll
0x60cd0000 - 0x60cf1000 	C:\Program Files (x86)\Java\jre8\bin\java.dll
0x60c50000 - 0x60c63000 	C:\Program Files (x86)\Java\jre8\bin\zip.dll
0x5c370000 - 0x5c41b000 	C:\Program Files (x86)\Java\jre8\bin\openbabel_java.dll
0x5b9f0000 - 0x5bb88000 	C:\Program Files (x86)\Java\jre8\bin\openbabel-2.dll
0x61b80000 - 0x61be9000 	C:\Windows\SYSTEM32\MSVCP100.dll
0x147d0000 - 0x147e3000 	C:\Program Files (x86)\Java\jre8\bin\zlib1.dll
0x606c0000 - 0x606cb000 	C:\Program Files (x86)\Java\jre8\bin\formats_cairo.obf
0x68dc0000 - 0x68eb7000 	C:\Program Files (x86)\Java\jre8\bin\libcairo-2.dll
0x64f80000 - 0x64fc2000 	C:\Program Files (x86)\Java\jre8\bin\libfontconfig-1.dll
0x6a800000 - 0x6a879000 	C:\Program Files (x86)\Java\jre8\bin\freetype6.dll
0x61a00000 - 0x61a3c000 	C:\Program Files (x86)\Java\jre8\bin\libpng14-14.dll
0x6ffb0000 - 0x6ffb6000 	C:\Windows\SYSTEM32\MSIMG32.DLL
0x68f40000 - 0x68f63000 	C:\Program Files (x86)\Java\jre8\bin\libexpat-1.dll
0x5c320000 - 0x5c367000 	C:\Program Files (x86)\Java\jre8\bin\formats_common.obf
0x5b910000 - 0x5b9e2000 	C:\Program Files (x86)\Java\jre8\bin\libinchi.dll
0x5c190000 - 0x5c1fe000 	C:\Program Files (x86)\Java\jre8\bin\formats_compchem.obf
0x5b820000 - 0x5b902000 	C:\Program Files (x86)\Java\jre8\bin\formats_misc.obf
0x151e0000 - 0x151e9000 	C:\Program Files (x86)\Java\jre8\bin\xdr-0.dll
0x73400000 - 0x734a3000 	C:\Windows\WinSxS\x86_microsoft.vc90.crt_1fc8b3b9a1e18e3b_9.0.30729.8387_none_5094ca96bcb6b2bb\MSVCR90.dll
0x5c2f0000 - 0x5c312000 	C:\Program Files (x86)\Java\jre8\bin\formats_utility.obf
0x5c2c0000 - 0x5c2ee000 	C:\Program Files (x86)\Java\jre8\bin\formats_xml.obf
0x15300000 - 0x153d9000 	C:\Program Files (x86)\Java\jre8\bin\libxml2.dll
0x15920000 - 0x159fa000 	C:\Program Files (x86)\Java\jre8\bin\iconv.dll
0x5c170000 - 0x5c18d000 	C:\Program Files (x86)\Java\jre8\bin\plugin_charges.obf
0x5c220000 - 0x5c22e000 	C:\Program Files (x86)\Java\jre8\bin\plugin_descriptors.obf
0x5c160000 - 0x5c170000 	C:\Program Files (x86)\Java\jre8\bin\plugin_fingerprints.obf
0x5b7a0000 - 0x5b814000 	C:\Program Files (x86)\Java\jre8\bin\plugin_forcefields.obf
0x5b770000 - 0x5b799000 	C:\Program Files (x86)\Java\jre8\bin\plugin_ops.obf
0x6fe60000 - 0x6ffa8000 	C:\Windows\SYSTEM32\dbghelp.dll

VM Arguments:
java_command: D:/InchiToCan.jar InChI=1S/C28H32O8/c1-15(29)33-20-13-19-17(7-6-8-21(30)35-25(19,2)3)18-9-11-26(4)22(16-10-12-32-14-16)34-24(31)23-28(26,36-23)27(18,20)5/h6,8-10,12,14,17,19-20,22-23H,7,11,13H2,1-5H3/b8-6-
java_class_path (initial): D:/InchiToCan.jar
Launcher Type: SUN_STANDARD

Environment Variables:
PATH=C:\Program Files (x86)\NVIDIA Corporation\PhysX\Common;C:\Windows\system32;C:\Windows;C:\Windows\System32\Wbem;C:\Windows\System32\WindowsPowerShell\v1.0\;C:\Program Files (x86)\Git\cmd;C:\Program Files\MATLAB\R2013b\runtime\win64;C:\Program Files\MATLAB\R2013b\bin;C:\Program Files\MATLAB\R2013b\polyspace\bin
USERNAME=Filipe
OS=Windows_NT
PROCESSOR_IDENTIFIER=Intel64 Family 6 Model 58 Stepping 9, GenuineIntel



---------------  S Y S T E M  ---------------

OS: Windows 8.1 , 64 bit Build 9600 

CPU:total 4 (2 cores per cpu, 2 threads per core) family 6 model 58 stepping 9, cmov, cx8, fxsr, mmx, sse, sse2, sse3, ssse3, sse4.1, sse4.2, popcnt, avx, aes, clmul, erms, ht, tsc, tscinvbit

Memory: 4k page, physical 6174232k(1384676k free), swap 10844244k(2998908k free)

vm_info: Java HotSpot(TM) Client VM (25.0-b70) for windows-x86 JRE (1.8.0-b132), built on Mar  4 2014 03:51:15 by "java_re" with MS VC++ 10.0 (VS2010)

time: Thu Apr 03 02:20:33 2014
elapsed time: 0 seconds

