#
# A fatal error has been detected by the Java Runtime Environment:
#
#  EXCEPTION_ACCESS_VIOLATION (0xc0000005) at pc=0x5b9ee787, pid=11560, tid=12736
#
# JRE version: Java(TM) SE Runtime Environment (8.0-b132) (build 1.8.0-b132)
# Java VM: Java HotSpot(TM) Client VM (25.0-b70 mixed mode windows-x86 )
# Problematic frame:
# C  [openbabel-2.dll+0xbe787]
#
# Failed to write core dump. Minidumps are not enabled by default on client versions of Windows
#
# If you would like to submit a bug report, please visit:
#   http://bugreport.sun.com/bugreport/crash.jsp
# The crash happened outside the Java Virtual Machine in native code.
# See problematic frame for where to report the bug.
#

---------------  T H R E A D  ---------------

Current thread (0x02cfe800):  JavaThread "main" [_thread_in_native, id=12736, stack(0x011f0000,0x01240000)]

siginfo: ExceptionCode=0xc0000005, reading address 0x00000024

Registers:
EAX=0x00000000, EBX=0x162d3510, ECX=0x162d3510, EDX=0x00000012
ESP=0x0123f174, EBP=0x0123f178, ESI=0x00000000, EDI=0x00000000
EIP=0x5b9ee787, EFLAGS=0x00010246

Top of Stack: (sp=0x0123f174)
0x0123f174:   00000000 0123f27c 5ba257bb 00000000
0x0123f184:   2351c6ff 162d2f90 01365950 00000000
0x0123f194:   00000000 00000001 16156658 16156668
0x0123f1a4:   16156668 02cf0000 00000001 162e1101
0x0123f1b4:   0123f268 5ba24cc6 162e1158 2351c6eb
0x0123f1c4:   162d2f90 01365950 00000001 00000001
0x0123f1d4:   162b5e70 16156550 1615655c 1615655c
0x0123f1e4:   00000000 1615614c 162ece20 162b73e0 

Instructions: (pc=0x5b9ee787)
0x5b9ee767:   04 5e 0f 9c c0 5d c3 1b c0 f7 d8 5e 5d c3 cc cc
0x5b9ee777:   cc cc cc cc cc cc cc cc cc 55 8b ec 8b 45 08 56
0x5b9ee787:   8b 70 24 8b d6 c1 ea 05 32 c0 3b 51 18 73 0f 8b
0x5b9ee797:   41 1c 8b 04 90 8b ce 83 e1 1f d3 e8 24 01 5e 5d 


Register to memory mapping:

EAX=0x00000000 is an unknown value
EBX=0x162d3510 is an unknown value
ECX=0x162d3510 is an unknown value
EDX=0x00000012 is an unknown value
ESP=0x0123f174 is pointing into the stack for thread: 0x02cfe800
EBP=0x0123f178 is pointing into the stack for thread: 0x02cfe800
ESI=0x00000000 is an unknown value
EDI=0x00000000 is an unknown value


Stack: [0x011f0000,0x01240000],  sp=0x0123f174,  free space=316k
Native frames: (J=compiled Java code, j=interpreted, Vv=VM code, C=native code)
C  [openbabel-2.dll+0xbe787]
C  [openbabel-2.dll+0xf57bb]
C  [openbabel-2.dll+0xfd60f]
C  [formats_common.obf+0x281b4]
C  [openbabel-2.dll+0xa0412]
C  [openbabel-2.dll+0xa060b]
C  [openbabel_java.dll+0x26146]
j  org.openbabel.openbabel_javaJNI.OBConversion_ReadString(JLorg/openbabel/OBConversion;JLorg/openbabel/OBBase;Ljava/lang/String;)Z+0
j  org.openbabel.OBConversion.ReadString(Lorg/openbabel/OBBase;Ljava/lang/String;)Z+11
j  edu.uminho.biosynth.chemanalysis.openbabel.OpenBabelWrapper.convert(Ljava/lang/String;Ljava/lang/String;Ljava/lang/String;)Ljava/lang/String;+27
J 871% C1 edu.uminho.biosynth.program.ProgramStructureAnalysis.generateCanonicalSmilesFromInchis()V (250 bytes) @ 0x02eddaac [0x02edd7d0+0x2dc]
j  edu.uminho.biosynth.program.ProgramStructureAnalysis.main([Ljava/lang/String;)V+24
v  ~StubRoutines::call_stub
V  [jvm.dll+0x142285]
V  [jvm.dll+0x2070be]
V  [jvm.dll+0x14231e]
V  [jvm.dll+0xce717]
V  [jvm.dll+0xd6cbf]
C  [javaw.exe+0x20d8]
C  [javaw.exe+0xab71]
C  [javaw.exe+0xabfb]
C  [KERNEL32.DLL+0x1495d]
C  [ntdll.dll+0x498ee]
C  [ntdll.dll+0x498c4]

Java frames: (J=compiled Java code, j=interpreted, Vv=VM code)
j  org.openbabel.openbabel_javaJNI.OBConversion_ReadString(JLorg/openbabel/OBConversion;JLorg/openbabel/OBBase;Ljava/lang/String;)Z+0
j  org.openbabel.OBConversion.ReadString(Lorg/openbabel/OBBase;Ljava/lang/String;)Z+11
j  edu.uminho.biosynth.chemanalysis.openbabel.OpenBabelWrapper.convert(Ljava/lang/String;Ljava/lang/String;Ljava/lang/String;)Ljava/lang/String;+27
J 871% C1 edu.uminho.biosynth.program.ProgramStructureAnalysis.generateCanonicalSmilesFromInchis()V (250 bytes) @ 0x02eddaac [0x02edd7d0+0x2dc]
j  edu.uminho.biosynth.program.ProgramStructureAnalysis.main([Ljava/lang/String;)V+24
v  ~StubRoutines::call_stub

---------------  P R O C E S S  ---------------

Java Threads: ( => current thread )
  0x15aafc00 JavaThread "Abandoned connection cleanup thread" daemon [_thread_blocked, id=4600, stack(0x15e90000,0x15ee0000)]
  0x152b6c00 JavaThread "Service Thread" daemon [_thread_blocked, id=10988, stack(0x15770000,0x157c0000)]
  0x15286400 JavaThread "C1 CompilerThread0" daemon [_thread_blocked, id=14780, stack(0x156e0000,0x15730000)]
  0x15285800 JavaThread "Attach Listener" daemon [_thread_blocked, id=14272, stack(0x15650000,0x156a0000)]
  0x1528d000 JavaThread "Signal Dispatcher" daemon [_thread_blocked, id=8676, stack(0x155c0000,0x15610000)]
  0x15266000 JavaThread "Finalizer" daemon [_thread_blocked, id=13000, stack(0x15530000,0x15580000)]
  0x15260400 JavaThread "Reference Handler" daemon [_thread_blocked, id=10060, stack(0x154a0000,0x154f0000)]
=>0x02cfe800 JavaThread "main" [_thread_in_native, id=12736, stack(0x011f0000,0x01240000)]

Other Threads:
  0x0137c400 VMThread [stack: 0x04d90000,0x04de0000] [id=6748]
  0x152ba400 WatcherThread [stack: 0x15800000,0x15850000] [id=5836]

VM state:not at safepoint (normal execution)

VM Mutex/Monitor currently owned by a thread: None

Heap:
 def new generation   total 78656K, used 76147K [0x04e00000, 0x0a350000, 0x0a350000)
  eden space 69952K,  96% used [0x04e00000, 0x08fdcc58, 0x09250000)
  from space 8704K, 100% used [0x09250000, 0x09ad0000, 0x09ad0000)
  to   space 8704K,   0% used [0x09ad0000, 0x09ad0000, 0x0a350000)
 tenured generation   total 174784K, used 165679K [0x0a350000, 0x14e00000, 0x14e00000)
   the space 174784K,  94% used [0x0a350000, 0x1451bf58, 0x1451c000, 0x14e00000)
 Metaspace       used 11395K, capacity 11493K, committed 11648K, reserved 11648K

Card table byte_map: [0x04d00000,0x04d90000] byte_map_base: 0x04cd9000

Polling page: 0x01190000

CodeCache: size=32768Kb used=2104Kb max_used=2104Kb free=30663Kb
 bounds [0x02d00000, 0x02f10000, 0x04d00000]
 total_blobs=1254 nmethods=996 adapters=189
 compilation: enabled

Compilation events (10 events):
Event: 5.333 Thread 0x15286400  992             java.util.Arrays::copyOf (13 bytes)
Event: 5.333 Thread 0x15286400 nmethod 992 0x02f0d548 code [0x02f0d640, 0x02f0d6cc]
Event: 5.343 Thread 0x15286400  993             com.mysql.jdbc.SingleByteCharsetConverter::toBytes (47 bytes)
Event: 5.344 Thread 0x15286400 nmethod 993 0x02f0d748 code [0x02f0d860, 0x02f0da9c]
Event: 5.363 Thread 0x15286400  994             java.nio.Buffer::position (5 bytes)
Event: 5.364 Thread 0x15286400 nmethod 994 0x02f0dd08 code [0x02f0de00, 0x02f0de80]
Event: 5.386 Thread 0x15286400  995             com.mysql.jdbc.StatementImpl::checkClosed (26 bytes)
Event: 5.387 Thread 0x15286400 nmethod 995 0x02f0dec8 code [0x02f0dfe0, 0x02f0e0c8]
Event: 5.389 Thread 0x15286400  996             com.mysql.jdbc.Buffer::getByteBuffer (5 bytes)
Event: 5.389 Thread 0x15286400 nmethod 996 0x02f0e1c8 code [0x02f0e2c0, 0x02f0e340]

GC Heap History (10 events):
Event: 2.790 GC heap before
{Heap before GC invocations=27 (full 3):
 def new generation   total 42688K, used 37952K [0x04e00000, 0x07c50000, 0x0a350000)
  eden space 37952K, 100% used [0x04e00000, 0x07310000, 0x07310000)
  from space 4736K,   0% used [0x07310000, 0x07310000, 0x077b0000)
  to   space 4736K,   0% used [0x077b0000, 0x077b0000, 0x07c50000)
 tenured generation   total 94752K, used 56850K [0x0a350000, 0x0ffd8000, 0x14e00000)
   the space 94752K,  59% used [0x0a350000, 0x0dad4880, 0x0dad4a00, 0x0ffd8000)
 Metaspace       used 10826K, capacity 10872K, committed 11008K, reserved 11648K
Event: 2.848 GC heap after
Heap after GC invocations=28 (full 3):
 def new generation   total 42688K, used 4736K [0x04e00000, 0x07c50000, 0x0a350000)
  eden space 37952K,   0% used [0x04e00000, 0x04e00000, 0x07310000)
  from space 4736K, 100% used [0x077b0000, 0x07c50000, 0x07c50000)
  to   space 4736K,   0% used [0x07310000, 0x07310000, 0x077b0000)
 tenured generation   total 94752K, used 72314K [0x0a350000, 0x0ffd8000, 0x14e00000)
   the space 94752K,  76% used [0x0a350000, 0x0e9eebd8, 0x0e9eec00, 0x0ffd8000)
 Metaspace       used 10826K, capacity 10872K, committed 11008K, reserved 11648K
}
Event: 2.960 GC heap before
{Heap before GC invocations=28 (full 3):
 def new generation   total 42688K, used 42688K [0x04e00000, 0x07c50000, 0x0a350000)
  eden space 37952K, 100% used [0x04e00000, 0x07310000, 0x07310000)
  from space 4736K, 100% used [0x077b0000, 0x07c50000, 0x07c50000)
  to   space 4736K,   0% used [0x07310000, 0x07310000, 0x077b0000)
 tenured generation   total 94752K, used 72314K [0x0a350000, 0x0ffd8000, 0x14e00000)
   the space 94752K,  76% used [0x0a350000, 0x0e9eebd8, 0x0e9eec00, 0x0ffd8000)
 Metaspace       used 10826K, capacity 10872K, committed 11008K, reserved 11648K
Event: 3.007 GC heap after
Heap after GC invocations=29 (full 3):
 def new generation   total 42688K, used 4735K [0x04e00000, 0x07c50000, 0x0a350000)
  eden space 37952K,   0% used [0x04e00000, 0x04e00000, 0x07310000)
  from space 4736K,  99% used [0x07310000, 0x077afff8, 0x077b0000)
  to   space 4736K,   0% used [0x077b0000, 0x077b0000, 0x07c50000)
 tenured generation   total 94752K, used 90166K [0x0a350000, 0x0ffd8000, 0x14e00000)
   the space 94752K,  95% used [0x0a350000, 0x0fb5d9b0, 0x0fb5da00, 0x0ffd8000)
 Metaspace       used 10826K, capacity 10872K, committed 11008K, reserved 11648K
}
Event: 3.121 GC heap before
{Heap before GC invocations=29 (full 3):
 def new generation   total 42688K, used 42687K [0x04e00000, 0x07c50000, 0x0a350000)
  eden space 37952K, 100% used [0x04e00000, 0x07310000, 0x07310000)
  from space 4736K,  99% used [0x07310000, 0x077afff8, 0x077b0000)
  to   space 4736K,   0% used [0x077b0000, 0x077b0000, 0x07c50000)
 tenured generation   total 94752K, used 90166K [0x0a350000, 0x0ffd8000, 0x14e00000)
   the space 94752K,  95% used [0x0a350000, 0x0fb5d9b0, 0x0fb5da00, 0x0ffd8000)
 Metaspace       used 10826K, capacity 10872K, committed 11008K, reserved 11648K
Event: 3.410 GC heap after
Heap after GC invocations=30 (full 4):
 def new generation   total 78656K, used 4024K [0x04e00000, 0x0a350000, 0x0a350000)
  eden space 69952K,   5% used [0x04e00000, 0x051ee218, 0x09250000)
  from space 8704K,   0% used [0x09250000, 0x09250000, 0x09ad0000)
  to   space 8704K,   0% used [0x09ad0000, 0x09ad0000, 0x0a350000)
 tenured generation   total 174784K, used 107689K [0x0a350000, 0x14e00000, 0x14e00000)
   the space 174784K,  61% used [0x0a350000, 0x10c7a690, 0x10c7a800, 0x14e00000)
 Metaspace       used 10826K, capacity 10872K, committed 11008K, reserved 11648K
}
Event: 3.686 GC heap before
{Heap before GC invocations=30 (full 4):
 def new generation   total 78656K, used 69952K [0x04e00000, 0x0a350000, 0x0a350000)
  eden space 69952K, 100% used [0x04e00000, 0x09250000, 0x09250000)
  from space 8704K,   0% used [0x09250000, 0x09250000, 0x09ad0000)
  to   space 8704K,   0% used [0x09ad0000, 0x09ad0000, 0x0a350000)
 tenured generation   total 174784K, used 107689K [0x0a350000, 0x14e00000, 0x14e00000)
   the space 174784K,  61% used [0x0a350000, 0x10c7a690, 0x10c7a800, 0x14e00000)
 Metaspace       used 10826K, capacity 10872K, committed 11008K, reserved 11648K
Event: 3.791 GC heap after
Heap after GC invocations=31 (full 4):
 def new generation   total 78656K, used 8704K [0x04e00000, 0x0a350000, 0x0a350000)
  eden space 69952K,   0% used [0x04e00000, 0x04e00000, 0x09250000)
  from space 8704K, 100% used [0x09ad0000, 0x0a350000, 0x0a350000)
  to   space 8704K,   0% used [0x09250000, 0x09250000, 0x09ad0000)
 tenured generation   total 174784K, used 134056K [0x0a350000, 0x14e00000, 0x14e00000)
   the space 174784K,  76% used [0x0a350000, 0x1263a0c8, 0x1263a200, 0x14e00000)
 Metaspace       used 10826K, capacity 10872K, committed 11008K, reserved 11648K
}
Event: 4.038 GC heap before
{Heap before GC invocations=31 (full 4):
 def new generation   total 78656K, used 78656K [0x04e00000, 0x0a350000, 0x0a350000)
  eden space 69952K, 100% used [0x04e00000, 0x09250000, 0x09250000)
  from space 8704K, 100% used [0x09ad0000, 0x0a350000, 0x0a350000)
  to   space 8704K,   0% used [0x09250000, 0x09250000, 0x09ad0000)
 tenured generation   total 174784K, used 134056K [0x0a350000, 0x14e00000, 0x14e00000)
   the space 174784K,  76% used [0x0a350000, 0x1263a0c8, 0x1263a200, 0x14e00000)
 Metaspace       used 10826K, capacity 10872K, committed 11008K, reserved 11648K
Event: 4.155 GC heap after
Heap after GC invocations=32 (full 4):
 def new generation   total 78656K, used 8704K [0x04e00000, 0x0a350000, 0x0a350000)
  eden space 69952K,   0% used [0x04e00000, 0x04e00000, 0x09250000)
  from space 8704K, 100% used [0x09250000, 0x09ad0000, 0x09ad0000)
  to   space 8704K,   0% used [0x09ad0000, 0x09ad0000, 0x0a350000)
 tenured generation   total 174784K, used 165679K [0x0a350000, 0x14e00000, 0x14e00000)
   the space 174784K,  94% used [0x0a350000, 0x1451bf58, 0x1451c000, 0x14e00000)
 Metaspace       used 10826K, capacity 10872K, committed 11008K, reserved 11648K
}

Deoptimization events (0 events):
No events

Internal exceptions (10 events):
Event: 5.212 Thread 0x02cfe800 Exception <a 'java/security/PrivilegedActionException'> (0x08e88330) thrown at [D:\re\workspace\8-2-build-windows-i586-cygwin\jdk8\2238\hotspot\src\share\vm\prims\jvm.cpp, line 1248]
Event: 5.213 Thread 0x02cfe800 Exception <a 'java/security/PrivilegedActionException'> (0x08e8eb20) thrown at [D:\re\workspace\8-2-build-windows-i586-cygwin\jdk8\2238\hotspot\src\share\vm\prims\jvm.cpp, line 1248]
Event: 5.236 Thread 0x02cfe800 Exception <a 'java/security/PrivilegedActionException'> (0x08e97da0) thrown at [D:\re\workspace\8-2-build-windows-i586-cygwin\jdk8\2238\hotspot\src\share\vm\prims\jvm.cpp, line 1248]
Event: 5.236 Thread 0x02cfe800 Exception <a 'java/security/PrivilegedActionException'> (0x08e9dd10) thrown at [D:\re\workspace\8-2-build-windows-i586-cygwin\jdk8\2238\hotspot\src\share\vm\prims\jvm.cpp, line 1248]
Event: 5.237 Thread 0x02cfe800 Exception <a 'java/security/PrivilegedActionException'> (0x08ea5460) thrown at [D:\re\workspace\8-2-build-windows-i586-cygwin\jdk8\2238\hotspot\src\share\vm\prims\jvm.cpp, line 1248]
Event: 5.237 Thread 0x02cfe800 Exception <a 'java/security/PrivilegedActionException'> (0x08eac4a8) thrown at [D:\re\workspace\8-2-build-windows-i586-cygwin\jdk8\2238\hotspot\src\share\vm\prims\jvm.cpp, line 1248]
Event: 5.238 Thread 0x02cfe800 Exception <a 'java/security/PrivilegedActionException'> (0x08eb3c80) thrown at [D:\re\workspace\8-2-build-windows-i586-cygwin\jdk8\2238\hotspot\src\share\vm\prims\jvm.cpp, line 1248]
Event: 5.239 Thread 0x02cfe800 Exception <a 'java/security/PrivilegedActionException'> (0x08ebea80) thrown at [D:\re\workspace\8-2-build-windows-i586-cygwin\jdk8\2238\hotspot\src\share\vm\prims\jvm.cpp, line 1248]
Event: 5.239 Thread 0x02cfe800 Exception <a 'java/security/PrivilegedActionException'> (0x08ebf310) thrown at [D:\re\workspace\8-2-build-windows-i586-cygwin\jdk8\2238\hotspot\src\share\vm\prims\jvm.cpp, line 1248]
Event: 5.239 Thread 0x02cfe800 Exception <a 'java/security/PrivilegedActionException'> (0x08ec9bd8) thrown at [D:\re\workspace\8-2-build-windows-i586-cygwin\jdk8\2238\hotspot\src\share\vm\prims\jvm.cpp, line 1248]

Events (10 events):
Event: 5.237 loading class org/hibernate/event/internal/ProxyVisitor
Event: 5.237 loading class org/hibernate/event/internal/ProxyVisitor done
Event: 5.237 loading class org/hibernate/event/internal/AbstractVisitor
Event: 5.237 loading class org/hibernate/event/internal/AbstractVisitor done
Event: 5.238 loading class org/hibernate/internal/CoreMessageLogger_$logger_en_US
Event: 5.238 loading class org/hibernate/internal/CoreMessageLogger_$logger_en_US done
Event: 5.239 loading class org/hibernate/internal/CoreMessageLogger_$logger_en
Event: 5.239 loading class org/hibernate/internal/CoreMessageLogger_$logger_en done
Event: 5.343 Executing VM operation: BulkRevokeBias
Event: 5.343 Executing VM operation: BulkRevokeBias done


Dynamic libraries:
0x00d80000 - 0x00db0000 	C:\Program Files (x86)\Java\jre8\bin\javaw.exe
0x778d0000 - 0x77a38000 	C:\Windows\SYSTEM32\ntdll.dll
0x775c0000 - 0x77700000 	C:\Windows\SYSTEM32\KERNEL32.DLL
0x774a0000 - 0x7756f000 	C:\Windows\SYSTEM32\KERNELBASE.dll
0x736b0000 - 0x7374a000 	C:\Windows\system32\apphelp.dll
0x70360000 - 0x705b2000 	C:\Windows\AppPatch\AcGenral.DLL
0x76db0000 - 0x76e6e000 	C:\Windows\SYSTEM32\msvcrt.dll
0x768e0000 - 0x7691e000 	C:\Windows\SYSTEM32\sechost.dll
0x75300000 - 0x7531d000 	C:\Windows\SYSTEM32\SspiCli.dll
0x77570000 - 0x775b1000 	C:\Windows\SYSTEM32\SHLWAPI.dll
0x74090000 - 0x7416c000 	C:\Windows\SYSTEM32\UxTheme.dll
0x75440000 - 0x7558f000 	C:\Windows\SYSTEM32\USER32.dll
0x76930000 - 0x76a38000 	C:\Windows\SYSTEM32\GDI32.dll
0x74060000 - 0x74080000 	C:\Windows\SYSTEM32\WINMM.dll
0x70e70000 - 0x70e82000 	C:\Windows\SYSTEM32\samcli.dll
0x75320000 - 0x7542b000 	C:\Windows\SYSTEM32\ole32.dll
0x772b0000 - 0x77337000 	C:\Windows\SYSTEM32\OLEAUT32.dll
0x70ce0000 - 0x70cf5000 	C:\Windows\SYSTEM32\MSACM32.dll
0x744a0000 - 0x744a8000 	C:\Windows\SYSTEM32\VERSION.dll
0x75730000 - 0x768d4000 	C:\Windows\SYSTEM32\SHELL32.dll
0x75270000 - 0x75289000 	C:\Windows\SYSTEM32\USERENV.dll
0x744b0000 - 0x744c9000 	C:\Windows\SYSTEM32\dwmapi.dll
0x74590000 - 0x746b4000 	C:\Windows\SYSTEM32\urlmon.dll
0x76a90000 - 0x76b07000 	C:\Windows\SYSTEM32\ADVAPI32.dll
0x744d0000 - 0x7452e000 	C:\Windows\SYSTEM32\WINSPOOL.DRV
0x74ac0000 - 0x74ad4000 	C:\Windows\SYSTEM32\MPR.dll
0x75620000 - 0x756d1000 	C:\Windows\SYSTEM32\RPCRT4.dll
0x752f0000 - 0x752f9000 	C:\Windows\SYSTEM32\CRYPTBASE.dll
0x77130000 - 0x7727e000 	C:\Windows\SYSTEM32\combase.dll
0x74040000 - 0x74060000 	C:\Windows\SYSTEM32\WINMMBASE.dll
0x75250000 - 0x7525e000 	C:\Windows\SYSTEM32\profapi.dll
0x74890000 - 0x74aa7000 	C:\Windows\SYSTEM32\iertutil.dll
0x746c0000 - 0x74884000 	C:\Windows\SYSTEM32\WININET.dll
0x75290000 - 0x752e1000 	C:\Windows\SYSTEM32\bcryptPrimitives.dll
0x76b10000 - 0x76b4a000 	C:\Windows\SYSTEM32\cfgmgr32.dll
0x751e0000 - 0x751ff000 	C:\Windows\SYSTEM32\DEVOBJ.dll
0x75160000 - 0x751d7000 	C:\Windows\SYSTEM32\SHCORE.DLL
0x77280000 - 0x772a5000 	C:\Windows\system32\IMM32.DLL
0x77700000 - 0x777f7000 	C:\Windows\SYSTEM32\MSCTF.dll
0x6ffc0000 - 0x701a5000 	C:\Windows\WinSxS\x86_microsoft.windows.common-controls_6595b64144ccf1df_6.0.9600.16384_none_a9f4965301334e09\COMCTL32.dll
0x5be70000 - 0x5bf2f000 	C:\Program Files (x86)\Java\jre8\bin\msvcr100.dll
0x5bad0000 - 0x5be66000 	C:\Program Files (x86)\Java\jre8\bin\client\jvm.dll
0x72d50000 - 0x72d58000 	C:\Windows\SYSTEM32\WSOCK32.dll
0x76920000 - 0x76926000 	C:\Windows\SYSTEM32\PSAPI.DLL
0x76a40000 - 0x76a8d000 	C:\Windows\SYSTEM32\WS2_32.dll
0x77490000 - 0x77497000 	C:\Windows\SYSTEM32\NSI.dll
0x66870000 - 0x6687c000 	C:\Program Files (x86)\Java\jre8\bin\verify.dll
0x60cd0000 - 0x60cf1000 	C:\Program Files (x86)\Java\jre8\bin\java.dll
0x60c50000 - 0x60c63000 	C:\Program Files (x86)\Java\jre8\bin\zip.dll
0x606d0000 - 0x606e4000 	C:\Program Files (x86)\Java\jre8\bin\net.dll
0x75110000 - 0x75155000 	C:\Windows\system32\mswsock.dll
0x73cc0000 - 0x73d3c000 	C:\Windows\SYSTEM32\DNSAPI.dll
0x73820000 - 0x73827000 	C:\Windows\System32\rasadhlp.dll
0x73830000 - 0x73874000 	C:\Windows\System32\fwpuclnt.dll
0x73e00000 - 0x73e18000 	C:\Windows\SYSTEM32\CRYPTSP.dll
0x73dd0000 - 0x73dff000 	C:\Windows\system32\rsaenh.dll
0x73db0000 - 0x73dcd000 	C:\Windows\SYSTEM32\bcrypt.dll
0x738b0000 - 0x738c0000 	C:\Windows\system32\napinsp.dll
0x73890000 - 0x738a4000 	C:\Windows\system32\pnrpnsp.dll
0x738c0000 - 0x738d2000 	C:\Windows\system32\NLAapi.dll
0x73880000 - 0x73889000 	C:\Windows\System32\winrnr.dll
0x75050000 - 0x7506e000 	C:\Windows\SYSTEM32\IPHLPAPI.DLL
0x75040000 - 0x75048000 	C:\Windows\SYSTEM32\WINNSI.DLL
0x61170000 - 0x6117f000 	C:\Program Files (x86)\Java\jre8\bin\nio.dll
0x5c150000 - 0x5c1fb000 	C:\Program Files (x86)\Java\jre8\bin\openbabel_java.dll
0x5b930000 - 0x5bac8000 	C:\Program Files (x86)\Java\jre8\bin\openbabel-2.dll
0x61b80000 - 0x61be9000 	C:\Windows\SYSTEM32\MSVCP100.dll
0x04de0000 - 0x04df3000 	C:\Program Files (x86)\Java\jre8\bin\zlib1.dll
0x606c0000 - 0x606cb000 	C:\Program Files (x86)\Java\jre8\bin\formats_cairo.obf
0x68dc0000 - 0x68eb7000 	C:\Program Files (x86)\Java\jre8\bin\libcairo-2.dll
0x64f80000 - 0x64fc2000 	C:\Program Files (x86)\Java\jre8\bin\libfontconfig-1.dll
0x6a800000 - 0x6a879000 	C:\Program Files (x86)\Java\jre8\bin\freetype6.dll
0x61a00000 - 0x61a3c000 	C:\Program Files (x86)\Java\jre8\bin\libpng14-14.dll
0x6ffb0000 - 0x6ffb6000 	C:\Windows\SYSTEM32\MSIMG32.DLL
0x68f40000 - 0x68f63000 	C:\Program Files (x86)\Java\jre8\bin\libexpat-1.dll
0x5c2e0000 - 0x5c327000 	C:\Program Files (x86)\Java\jre8\bin\formats_common.obf
0x5b850000 - 0x5b922000 	C:\Program Files (x86)\Java\jre8\bin\libinchi.dll
0x5b7e0000 - 0x5b84e000 	C:\Program Files (x86)\Java\jre8\bin\formats_compchem.obf
0x5b490000 - 0x5b572000 	C:\Program Files (x86)\Java\jre8\bin\formats_misc.obf
0x16f10000 - 0x16f19000 	C:\Program Files (x86)\Java\jre8\bin\xdr-0.dll
0x73400000 - 0x734a3000 	C:\Windows\WinSxS\x86_microsoft.vc90.crt_1fc8b3b9a1e18e3b_9.0.30729.8387_none_5094ca96bcb6b2bb\MSVCR90.dll
0x5b7b0000 - 0x5b7d2000 	C:\Program Files (x86)\Java\jre8\bin\formats_utility.obf
0x5b780000 - 0x5b7ae000 	C:\Program Files (x86)\Java\jre8\bin\formats_xml.obf
0x16fd0000 - 0x170a9000 	C:\Program Files (x86)\Java\jre8\bin\libxml2.dll
0x170b0000 - 0x1718a000 	C:\Program Files (x86)\Java\jre8\bin\iconv.dll
0x5c2c0000 - 0x5c2dd000 	C:\Program Files (x86)\Java\jre8\bin\plugin_charges.obf
0x5c220000 - 0x5c22e000 	C:\Program Files (x86)\Java\jre8\bin\plugin_descriptors.obf
0x5b770000 - 0x5b780000 	C:\Program Files (x86)\Java\jre8\bin\plugin_fingerprints.obf
0x5b410000 - 0x5b484000 	C:\Program Files (x86)\Java\jre8\bin\plugin_forcefields.obf
0x5b740000 - 0x5b769000 	C:\Program Files (x86)\Java\jre8\bin\plugin_ops.obf
0x6fe60000 - 0x6ffa8000 	C:\Windows\SYSTEM32\dbghelp.dll

VM Arguments:
jvm_args: -Dfile.encoding=UTF-8 
java_command: edu.uminho.biosynth.program.ProgramStructureAnalysis
java_class_path (initial): D:\home\workspace\java\biosynth-chemanalysis\target\test-classes;D:\home\workspace\java\biosynth-chemanalysis\target\classes;D:\home\workspace\java\biosynth-chemanalysis\lib\openbabel.jar;D:\home\workspace\java\biosynth-components\target\classes;C:\Users\Filipe\.m2\repository\joda-time\joda-time\2.3\joda-time-2.3.jar;C:\Users\Filipe\.m2\repository\org\jadira\usertype\usertype.core\3.0.0.CR1\usertype.core-3.0.0.CR1.jar;C:\Users\Filipe\.m2\repository\org\joda\joda-money\0.6\joda-money-0.6.jar;C:\Users\Filipe\.m2\repository\org\jadira\usertype\usertype.spi\3.0.0.CR1\usertype.spi-3.0.0.CR1.jar;C:\Users\Filipe\.m2\repository\org\hibernate\hibernate-core\4.2.7.Final\hibernate-core-4.2.7.Final.jar;C:\Users\Filipe\.m2\repository\antlr\antlr\2.7.7\antlr-2.7.7.jar;C:\Users\Filipe\.m2\repository\org\jboss\logging\jboss-logging\3.1.0.GA\jboss-logging-3.1.0.GA.jar;C:\Users\Filipe\.m2\repository\dom4j\dom4j\1.6.1\dom4j-1.6.1.jar;C:\Users\Filipe\.m2\repository\org\javassist\javassist\3.18.1-GA\javassist-3.18.1-GA.jar;C:\Users\Filipe\.m2\repository\org\jboss\spec\javax\transaction\jboss-transaction-api_1.1_spec\1.0.1.Final\jboss-transaction-api_1.1_spec-1.0.1.Final.jar;C:\Users\Filipe\.m2\repository\org\hibernate\javax\persistence\hibernate-jpa-2.0-api\1.0.1.Final\hibernate-jpa-2.0-api-1.0.1.Final.jar;C:\Users\Filipe\.m2\repository\org\hibernate\common\hibernate-commons-annotations\4.0.2.Final\hibernate-commons-annotations-4.0.2.Final.jar;C:\Users\Filipe\.m2\repository\org\json\json\20090211\json-20090211.jar;C:\Users\Filipe\.m2\repository\org\eclipse\persistence\org.eclipse.persistence.moxy\2.5.2-M1\org.eclipse.persistence.moxy-2.5.2-M1.jar;C:\Users\Filipe\.m2\repository\org\eclipse\persistence\org.eclipse.persistence.core\2.5.2-M1\org.eclipse.persistence.core-2.5.2-M1.jar;C:\Users\Filipe\.m2\repository\org\eclipse\persistence\org.eclipse.persistence.asm\2.5.2-M1\org.eclipse.persistence.asm-2.5.2-M1.jar;C:\Users\Filipe\.m2\repository\org\eclipse\persis
Launcher Type: SUN_STANDARD

Environment Variables:
PATH=C:\Program Files (x86)\NVIDIA Corporation\PhysX\Common;C:\Windows\system32;C:\Windows;C:\Windows\System32\Wbem;C:\Windows\System32\WindowsPowerShell\v1.0\;C:\Program Files (x86)\Git\cmd;C:\Program Files\MATLAB\R2013b\runtime\win64;C:\Program Files\MATLAB\R2013b\bin;C:\Program Files\MATLAB\R2013b\polyspace\bin
USERNAME=Filipe
OS=Windows_NT
PROCESSOR_IDENTIFIER=Intel64 Family 6 Model 58 Stepping 9, GenuineIntel



---------------  S Y S T E M  ---------------

OS: Windows 8.1 , 64 bit Build 9600 

CPU:total 4 (2 cores per cpu, 2 threads per core) family 6 model 58 stepping 9, cmov, cx8, fxsr, mmx, sse, sse2, sse3, ssse3, sse4.1, sse4.2, popcnt, avx, aes, clmul, erms, ht, tsc, tscinvbit

Memory: 4k page, physical 6174232k(1413172k free), swap 10844244k(3072008k free)

vm_info: Java HotSpot(TM) Client VM (25.0-b70) for windows-x86 JRE (1.8.0-b132), built on Mar  4 2014 03:51:15 by "java_re" with MS VC++ 10.0 (VS2010)

time: Thu Apr 03 02:34:32 2014
elapsed time: 5 seconds

