#
# A fatal error has been detected by the Java Runtime Environment:
#
#  EXCEPTION_ACCESS_VIOLATION (0xc0000005) at pc=0x5baae787, pid=13952, tid=11420
#
# JRE version: Java(TM) SE Runtime Environment (8.0-b132) (build 1.8.0-b132)
# Java VM: Java HotSpot(TM) Client VM (25.0-b70 mixed mode, sharing windows-x86 )
# Problematic frame:
# C  [openbabel-2.dll+0xbe787]
#
# Failed to write core dump. Minidumps are not enabled by default on client versions of Windows
#
# If you would like to submit a bug report, please visit:
#   http://bugreport.sun.com/bugreport/crash.jsp
# The crash happened outside the Java Virtual Machine in native code.
# See problematic frame for where to report the bug.
#

---------------  T H R E A D  ---------------

Current thread (0x0080e800):  JavaThread "main" [_thread_in_native, id=11420, stack(0x00850000,0x008a0000)]

siginfo: ExceptionCode=0xc0000005, reading address 0x00000024

Registers:
EAX=0x00000000, EBX=0x18195280, ECX=0x18195280, EDX=0x00000068
ESP=0x0089eff4, EBP=0x0089eff8, ESI=0x00000000, EDI=0x00000000
EIP=0x5baae787, EFLAGS=0x00010246

Top of Stack: (sp=0x0089eff4)
0x0089eff4:   00000000 0089f0fc 5bae57bb 00000000
0x0089f004:   c31d43c8 170b7f24 1825bdc0 00000000
0x0089f014:   0000000d 00000018 183476c0 183476d0
0x0089f024:   183476d0 00800000 00000001 1804e701
0x0089f034:   0089f0e8 5bae4cc6 1804e748 c31d43dc
0x0089f044:   170b7f24 1825bdc0 00000001 00000001
0x0089f054:   1833bb70 181951d0 18195208 1819521c
0x0089f064:   00000000 18346c28 182eb540 1833bb70 

Instructions: (pc=0x5baae787)
0x5baae767:   04 5e 0f 9c c0 5d c3 1b c0 f7 d8 5e 5d c3 cc cc
0x5baae777:   cc cc cc cc cc cc cc cc cc 55 8b ec 8b 45 08 56
0x5baae787:   8b 70 24 8b d6 c1 ea 05 32 c0 3b 51 18 73 0f 8b
0x5baae797:   41 1c 8b 04 90 8b ce 83 e1 1f d3 e8 24 01 5e 5d 


Register to memory mapping:

EAX=0x00000000 is an unknown value
EBX=0x18195280 is an unknown value
ECX=0x18195280 is an unknown value
EDX=0x00000068 is an unknown value
ESP=0x0089eff4 is pointing into the stack for thread: 0x0080e800
EBP=0x0089eff8 is pointing into the stack for thread: 0x0080e800
ESI=0x00000000 is an unknown value
EDI=0x00000000 is an unknown value


Stack: [0x00850000,0x008a0000],  sp=0x0089eff4,  free space=315k
Native frames: (J=compiled Java code, j=interpreted, Vv=VM code, C=native code)
C  [openbabel-2.dll+0xbe787]
C  [openbabel-2.dll+0xf57bb]
C  [openbabel-2.dll+0xfd60f]
C  [formats_common.obf+0x281b4]
C  [openbabel-2.dll+0xa0412]
C  [openbabel-2.dll+0xa060b]
C  [openbabel_java.dll+0x26146]
J 1345  org.openbabel.openbabel_javaJNI.OBConversion_ReadString(JLorg/openbabel/OBConversion;JLorg/openbabel/OBBase;Ljava/lang/String;)Z (0 bytes) @ 0x0245b2bd [0x0245b1e0+0xdd]
J 1333 C1 edu.uminho.biosynth.chemanalysis.openbabel.OpenBabelWrapper.convert(Ljava/lang/String;Ljava/lang/String;Ljava/lang/String;)Ljava/lang/String; (47 bytes) @ 0x024596c4 [0x02459560+0x164]
J 877% C1 edu.uminho.biosynth.program.ProgramStructureAnalysis.generateCanonicalSmilesFromInchis()V (250 bytes) @ 0x0238eaec [0x0238e810+0x2dc]
j  edu.uminho.biosynth.program.ProgramStructureAnalysis.main([Ljava/lang/String;)V+24
v  ~StubRoutines::call_stub
V  [jvm.dll+0x142285]
V  [jvm.dll+0x2070be]
V  [jvm.dll+0x14231e]
V  [jvm.dll+0xce717]
V  [jvm.dll+0xd6cbf]
C  [javaw.exe+0x20d8]
C  [javaw.exe+0xab71]
C  [javaw.exe+0xabfb]
C  [KERNEL32.DLL+0x1495d]
C  [ntdll.dll+0x498ee]
C  [ntdll.dll+0x498c4]

Java frames: (J=compiled Java code, j=interpreted, Vv=VM code)
J 1345  org.openbabel.openbabel_javaJNI.OBConversion_ReadString(JLorg/openbabel/OBConversion;JLorg/openbabel/OBBase;Ljava/lang/String;)Z (0 bytes) @ 0x0245b279 [0x0245b1e0+0x99]
J 1333 C1 edu.uminho.biosynth.chemanalysis.openbabel.OpenBabelWrapper.convert(Ljava/lang/String;Ljava/lang/String;Ljava/lang/String;)Ljava/lang/String; (47 bytes) @ 0x024596c4 [0x02459560+0x164]
J 877% C1 edu.uminho.biosynth.program.ProgramStructureAnalysis.generateCanonicalSmilesFromInchis()V (250 bytes) @ 0x0238eaec [0x0238e810+0x2dc]
j  edu.uminho.biosynth.program.ProgramStructureAnalysis.main([Ljava/lang/String;)V+24
v  ~StubRoutines::call_stub

---------------  P R O C E S S  ---------------

Java Threads: ( => current thread )
  0x15b5a800 JavaThread "Abandoned connection cleanup thread" daemon [_thread_blocked, id=14052, stack(0x147a0000,0x147f0000)]
  0x00c71c00 JavaThread "Service Thread" daemon [_thread_blocked, id=15292, stack(0x14680000,0x146d0000)]
  0x00c4b400 JavaThread "C1 CompilerThread0" daemon [_thread_blocked, id=6308, stack(0x145f0000,0x14640000)]
  0x00c4a400 JavaThread "Attach Listener" daemon [_thread_blocked, id=13612, stack(0x14560000,0x145b0000)]
  0x00c48400 JavaThread "Signal Dispatcher" daemon [_thread_blocked, id=13628, stack(0x144d0000,0x14520000)]
  0x00c3d400 JavaThread "Finalizer" daemon [_thread_blocked, id=10384, stack(0x14440000,0x14490000)]
  0x00c37400 JavaThread "Reference Handler" daemon [_thread_blocked, id=4896, stack(0x04390000,0x043e0000)]
=>0x0080e800 JavaThread "main" [_thread_in_native, id=11420, stack(0x00850000,0x008a0000)]

Other Threads:
  0x00c35800 VMThread [stack: 0x04300000,0x04350000] [id=15356]
  0x00c76800 WatcherThread [stack: 0x14710000,0x14760000] [id=14112]

VM state:not at safepoint (normal execution)

VM Mutex/Monitor currently owned by a thread: None

Heap:
 def new generation   total 78656K, used 13147K [0x04400000, 0x09950000, 0x09950000)
  eden space 69952K,  18% used [0x04400000, 0x050d6e20, 0x08850000)
  from space 8704K,   0% used [0x08850000, 0x08850000, 0x090d0000)
  to   space 8704K,   0% used [0x090d0000, 0x090d0000, 0x09950000)
 tenured generation   total 174784K, used 96125K [0x09950000, 0x14400000, 0x14400000)
   the space 174784K,  54% used [0x09950000, 0x0f72f718, 0x0f72f800, 0x14400000)
 Metaspace       used 8502K, capacity 9090K, committed 9216K, reserved 9600K

Card table byte_map: [0x04230000,0x042c0000] byte_map_base: 0x0420e000

Polling page: 0x007e0000

CodeCache: size=32768Kb used=3168Kb max_used=3168Kb free=29599Kb
 bounds [0x021b0000, 0x024d0000, 0x041b0000]
 total_blobs=1814 nmethods=1556 adapters=189
 compilation: enabled

Compilation events (10 events):
Event: 16.843 Thread 0x00c4b400 1552   !         sun.reflect.GeneratedConstructorAccessor3::newInstance (267 bytes)
Event: 16.844 Thread 0x00c4b400 nmethod 1552 0x024c5508 code [0x024c56d0, 0x024c5f34]
Event: 17.063 Thread 0x00c4b400 1553             org.hibernate.context.spi.AbstractCurrentSessionContext::validateExistingSession (74 bytes)
Event: 17.064 Thread 0x00c4b400 nmethod 1553 0x024c6848 code [0x024c6a00, 0x024c6fb4]
Event: 17.068 Thread 0x00c4b400 1554             org.hibernate.engine.internal.StatefulPersistenceContext$1::manageLocalNaturalIdCrossReference (43 bytes)
Event: 17.068 Thread 0x00c4b400 nmethod 1554 0x024c75c8 code [0x024c7710, 0x024c78a8]
Event: 17.071 Thread 0x00c4b400 1555             org.hibernate.engine.internal.StatefulPersistenceContext$1::manageSharedNaturalIdCrossReference (68 bytes)
Event: 17.072 Thread 0x00c4b400 nmethod 1555 0x024c7b88 code [0x024c7cf0, 0x024c7ef0]
Event: 17.352 Thread 0x00c4b400 1556             org.hibernate.engine.transaction.internal.jdbc.JdbcTransaction::isActive (16 bytes)
Event: 17.353 Thread 0x00c4b400 nmethod 1556 0x024c81c8 code [0x024c82c0, 0x024c8350]

GC Heap History (10 events):
Event: 3.197 GC heap before
{Heap before GC invocations=28 (full 3):
 def new generation   total 42688K, used 42688K [0x04400000, 0x07250000, 0x09950000)
  eden space 37952K, 100% used [0x04400000, 0x06910000, 0x06910000)
  from space 4736K, 100% used [0x06db0000, 0x07250000, 0x07250000)
  to   space 4736K,   0% used [0x06910000, 0x06910000, 0x06db0000)
 tenured generation   total 94768K, used 72457K [0x09950000, 0x0f5dc000, 0x14400000)
   the space 94768K,  76% used [0x09950000, 0x0e012580, 0x0e012600, 0x0f5dc000)
 Metaspace       used 7953K, capacity 8528K, committed 8576K, reserved 8576K
Event: 3.265 GC heap after
Heap after GC invocations=29 (full 3):
 def new generation   total 42688K, used 4736K [0x04400000, 0x07250000, 0x09950000)
  eden space 37952K,   0% used [0x04400000, 0x04400000, 0x06910000)
  from space 4736K, 100% used [0x06910000, 0x06db0000, 0x06db0000)
  to   space 4736K,   0% used [0x06db0000, 0x06db0000, 0x07250000)
 tenured generation   total 94768K, used 90302K [0x09950000, 0x0f5dc000, 0x14400000)
   the space 94768K,  95% used [0x09950000, 0x0f17fb80, 0x0f17fc00, 0x0f5dc000)
 Metaspace       used 7953K, capacity 8528K, committed 8576K, reserved 8576K
}
Event: 3.441 GC heap before
{Heap before GC invocations=29 (full 3):
 def new generation   total 42688K, used 42688K [0x04400000, 0x07250000, 0x09950000)
  eden space 37952K, 100% used [0x04400000, 0x06910000, 0x06910000)
  from space 4736K, 100% used [0x06910000, 0x06db0000, 0x06db0000)
  to   space 4736K,   0% used [0x06db0000, 0x06db0000, 0x07250000)
 tenured generation   total 94768K, used 90302K [0x09950000, 0x0f5dc000, 0x14400000)
   the space 94768K,  95% used [0x09950000, 0x0f17fb80, 0x0f17fc00, 0x0f5dc000)
 Metaspace       used 7953K, capacity 8528K, committed 8576K, reserved 8576K
Event: 3.704 GC heap after
Heap after GC invocations=30 (full 4):
 def new generation   total 78656K, used 2999K [0x04400000, 0x09950000, 0x09950000)
  eden space 69952K,   4% used [0x04400000, 0x046edcb0, 0x08850000)
  from space 8704K,   0% used [0x08850000, 0x08850000, 0x090d0000)
  to   space 8704K,   0% used [0x090d0000, 0x090d0000, 0x09950000)
 tenured generation   total 174784K, used 108847K [0x09950000, 0x14400000, 0x14400000)
   the space 174784K,  62% used [0x09950000, 0x1039bff8, 0x1039c000, 0x14400000)
 Metaspace       used 7953K, capacity 8528K, committed 8576K, reserved 8576K
}
Event: 3.933 GC heap before
{Heap before GC invocations=30 (full 4):
 def new generation   total 78656K, used 69952K [0x04400000, 0x09950000, 0x09950000)
  eden space 69952K, 100% used [0x04400000, 0x08850000, 0x08850000)
  from space 8704K,   0% used [0x08850000, 0x08850000, 0x090d0000)
  to   space 8704K,   0% used [0x090d0000, 0x090d0000, 0x09950000)
 tenured generation   total 174784K, used 108847K [0x09950000, 0x14400000, 0x14400000)
   the space 174784K,  62% used [0x09950000, 0x1039bff8, 0x1039c000, 0x14400000)
 Metaspace       used 7953K, capacity 8528K, committed 8576K, reserved 8576K
Event: 4.066 GC heap after
Heap after GC invocations=31 (full 4):
 def new generation   total 78656K, used 8704K [0x04400000, 0x09950000, 0x09950000)
  eden space 69952K,   0% used [0x04400000, 0x04400000, 0x08850000)
  from space 8704K, 100% used [0x090d0000, 0x09950000, 0x09950000)
  to   space 8704K,   0% used [0x08850000, 0x08850000, 0x090d0000)
 tenured generation   total 174784K, used 134724K [0x09950000, 0x14400000, 0x14400000)
   the space 174784K,  77% used [0x09950000, 0x11ce10e0, 0x11ce1200, 0x14400000)
 Metaspace       used 7953K, capacity 8528K, committed 8576K, reserved 8576K
}
Event: 4.448 GC heap before
{Heap before GC invocations=31 (full 4):
 def new generation   total 78656K, used 78656K [0x04400000, 0x09950000, 0x09950000)
  eden space 69952K, 100% used [0x04400000, 0x08850000, 0x08850000)
  from space 8704K, 100% used [0x090d0000, 0x09950000, 0x09950000)
  to   space 8704K,   0% used [0x08850000, 0x08850000, 0x090d0000)
 tenured generation   total 174784K, used 134724K [0x09950000, 0x14400000, 0x14400000)
   the space 174784K,  77% used [0x09950000, 0x11ce10e0, 0x11ce1200, 0x14400000)
 Metaspace       used 7953K, capacity 8528K, committed 8576K, reserved 8576K
Event: 4.579 GC heap after
Heap after GC invocations=32 (full 4):
 def new generation   total 78656K, used 8703K [0x04400000, 0x09950000, 0x09950000)
  eden space 69952K,   0% used [0x04400000, 0x04400000, 0x08850000)
  from space 8704K,  99% used [0x08850000, 0x090cfff8, 0x090d0000)
  to   space 8704K,   0% used [0x090d0000, 0x090d0000, 0x09950000)
 tenured generation   total 174784K, used 167371K [0x09950000, 0x14400000, 0x14400000)
   the space 174784K,  95% used [0x09950000, 0x13cc2e70, 0x13cc3000, 0x14400000)
 Metaspace       used 7953K, capacity 8528K, committed 8576K, reserved 8576K
}
Event: 8.529 GC heap before
{Heap before GC invocations=32 (full 4):
 def new generation   total 78656K, used 78655K [0x04400000, 0x09950000, 0x09950000)
  eden space 69952K, 100% used [0x04400000, 0x08850000, 0x08850000)
  from space 8704K,  99% used [0x08850000, 0x090cfff8, 0x090d0000)
  to   space 8704K,   0% used [0x090d0000, 0x090d0000, 0x09950000)
 tenured generation   total 174784K, used 167371K [0x09950000, 0x14400000, 0x14400000)
   the space 174784K,  95% used [0x09950000, 0x13cc2e70, 0x13cc3000, 0x14400000)
 Metaspace       used 8502K, capacity 9090K, committed 9216K, reserved 9600K
Event: 8.718 GC heap after
Heap after GC invocations=33 (full 5):
 def new generation   total 78656K, used 0K [0x04400000, 0x09950000, 0x09950000)
  eden space 69952K,   0% used [0x04400000, 0x04400000, 0x08850000)
  from space 8704K,   0% used [0x08850000, 0x08850000, 0x090d0000)
  to   space 8704K,   0% used [0x090d0000, 0x090d0000, 0x09950000)
 tenured generation   total 174784K, used 96125K [0x09950000, 0x14400000, 0x14400000)
   the space 174784K,  54% used [0x09950000, 0x0f72f718, 0x0f72f800, 0x14400000)
 Metaspace       used 8502K, capacity 9090K, committed 9216K, reserved 9600K
}

Deoptimization events (0 events):
No events

Internal exceptions (10 events):
Event: 5.609 Thread 0x0080e800 Exception <a 'java/security/PrivilegedActionException'> (0x08494f00) thrown at [D:\re\workspace\8-2-build-windows-i586-cygwin\jdk8\2238\hotspot\src\share\vm\prims\jvm.cpp, line 1248]
Event: 5.610 Thread 0x0080e800 Exception <a 'java/security/PrivilegedActionException'> (0x0849b808) thrown at [D:\re\workspace\8-2-build-windows-i586-cygwin\jdk8\2238\hotspot\src\share\vm\prims\jvm.cpp, line 1248]
Event: 5.634 Thread 0x0080e800 Exception <a 'java/security/PrivilegedActionException'> (0x084a4f60) thrown at [D:\re\workspace\8-2-build-windows-i586-cygwin\jdk8\2238\hotspot\src\share\vm\prims\jvm.cpp, line 1248]
Event: 5.634 Thread 0x0080e800 Exception <a 'java/security/PrivilegedActionException'> (0x084aaed0) thrown at [D:\re\workspace\8-2-build-windows-i586-cygwin\jdk8\2238\hotspot\src\share\vm\prims\jvm.cpp, line 1248]
Event: 5.634 Thread 0x0080e800 Exception <a 'java/security/PrivilegedActionException'> (0x084b2620) thrown at [D:\re\workspace\8-2-build-windows-i586-cygwin\jdk8\2238\hotspot\src\share\vm\prims\jvm.cpp, line 1248]
Event: 5.635 Thread 0x0080e800 Exception <a 'java/security/PrivilegedActionException'> (0x084b9668) thrown at [D:\re\workspace\8-2-build-windows-i586-cygwin\jdk8\2238\hotspot\src\share\vm\prims\jvm.cpp, line 1248]
Event: 5.635 Thread 0x0080e800 Exception <a 'java/security/PrivilegedActionException'> (0x084c0e40) thrown at [D:\re\workspace\8-2-build-windows-i586-cygwin\jdk8\2238\hotspot\src\share\vm\prims\jvm.cpp, line 1248]
Event: 5.635 Thread 0x0080e800 Exception <a 'java/security/PrivilegedActionException'> (0x084cbc40) thrown at [D:\re\workspace\8-2-build-windows-i586-cygwin\jdk8\2238\hotspot\src\share\vm\prims\jvm.cpp, line 1248]
Event: 5.636 Thread 0x0080e800 Exception <a 'java/security/PrivilegedActionException'> (0x084cc4d0) thrown at [D:\re\workspace\8-2-build-windows-i586-cygwin\jdk8\2238\hotspot\src\share\vm\prims\jvm.cpp, line 1248]
Event: 5.636 Thread 0x0080e800 Exception <a 'java/security/PrivilegedActionException'> (0x084d6d98) thrown at [D:\re\workspace\8-2-build-windows-i586-cygwin\jdk8\2238\hotspot\src\share\vm\prims\jvm.cpp, line 1248]

Events (10 events):
Event: 5.635 loading class org/hibernate/internal/CoreMessageLogger_$logger_en_US
Event: 5.635 loading class org/hibernate/internal/CoreMessageLogger_$logger_en_US done
Event: 5.635 loading class org/hibernate/internal/CoreMessageLogger_$logger_en
Event: 5.635 loading class org/hibernate/internal/CoreMessageLogger_$logger_en done
Event: 5.775 Executing VM operation: BulkRevokeBias
Event: 5.775 Executing VM operation: BulkRevokeBias done
Event: 5.898 Executing VM operation: BulkRevokeBias
Event: 5.898 Executing VM operation: BulkRevokeBias done
Event: 8.528 Executing VM operation: GenCollectForAllocation
Event: 8.718 Executing VM operation: GenCollectForAllocation done


Dynamic libraries:
0x00d80000 - 0x00db0000 	C:\Program Files (x86)\Java\jre8\bin\javaw.exe
0x778d0000 - 0x77a38000 	C:\Windows\SYSTEM32\ntdll.dll
0x775c0000 - 0x77700000 	C:\Windows\SYSTEM32\KERNEL32.DLL
0x774a0000 - 0x7756f000 	C:\Windows\SYSTEM32\KERNELBASE.dll
0x736b0000 - 0x7374a000 	C:\Windows\system32\apphelp.dll
0x70360000 - 0x705b2000 	C:\Windows\AppPatch\AcGenral.DLL
0x76db0000 - 0x76e6e000 	C:\Windows\SYSTEM32\msvcrt.dll
0x768e0000 - 0x7691e000 	C:\Windows\SYSTEM32\sechost.dll
0x75300000 - 0x7531d000 	C:\Windows\SYSTEM32\SspiCli.dll
0x77570000 - 0x775b1000 	C:\Windows\SYSTEM32\SHLWAPI.dll
0x74090000 - 0x7416c000 	C:\Windows\SYSTEM32\UxTheme.dll
0x75440000 - 0x7558f000 	C:\Windows\SYSTEM32\USER32.dll
0x76930000 - 0x76a38000 	C:\Windows\SYSTEM32\GDI32.dll
0x74060000 - 0x74080000 	C:\Windows\SYSTEM32\WINMM.dll
0x70e70000 - 0x70e82000 	C:\Windows\SYSTEM32\samcli.dll
0x75320000 - 0x7542b000 	C:\Windows\SYSTEM32\ole32.dll
0x772b0000 - 0x77337000 	C:\Windows\SYSTEM32\OLEAUT32.dll
0x70ce0000 - 0x70cf5000 	C:\Windows\SYSTEM32\MSACM32.dll
0x744a0000 - 0x744a8000 	C:\Windows\SYSTEM32\VERSION.dll
0x75730000 - 0x768d4000 	C:\Windows\SYSTEM32\SHELL32.dll
0x75270000 - 0x75289000 	C:\Windows\SYSTEM32\USERENV.dll
0x744b0000 - 0x744c9000 	C:\Windows\SYSTEM32\dwmapi.dll
0x74590000 - 0x746b4000 	C:\Windows\SYSTEM32\urlmon.dll
0x76a90000 - 0x76b07000 	C:\Windows\SYSTEM32\ADVAPI32.dll
0x744d0000 - 0x7452e000 	C:\Windows\SYSTEM32\WINSPOOL.DRV
0x74ac0000 - 0x74ad4000 	C:\Windows\SYSTEM32\MPR.dll
0x75620000 - 0x756d1000 	C:\Windows\SYSTEM32\RPCRT4.dll
0x752f0000 - 0x752f9000 	C:\Windows\SYSTEM32\CRYPTBASE.dll
0x77130000 - 0x7727e000 	C:\Windows\SYSTEM32\combase.dll
0x74040000 - 0x74060000 	C:\Windows\SYSTEM32\WINMMBASE.dll
0x75250000 - 0x7525e000 	C:\Windows\SYSTEM32\profapi.dll
0x74890000 - 0x74aa7000 	C:\Windows\SYSTEM32\iertutil.dll
0x746c0000 - 0x74884000 	C:\Windows\SYSTEM32\WININET.dll
0x75290000 - 0x752e1000 	C:\Windows\SYSTEM32\bcryptPrimitives.dll
0x76b10000 - 0x76b4a000 	C:\Windows\SYSTEM32\cfgmgr32.dll
0x751e0000 - 0x751ff000 	C:\Windows\SYSTEM32\DEVOBJ.dll
0x75160000 - 0x751d7000 	C:\Windows\SYSTEM32\SHCORE.DLL
0x77280000 - 0x772a5000 	C:\Windows\system32\IMM32.DLL
0x77700000 - 0x777f7000 	C:\Windows\SYSTEM32\MSCTF.dll
0x6ffc0000 - 0x701a5000 	C:\Windows\WinSxS\x86_microsoft.windows.common-controls_6595b64144ccf1df_6.0.9600.16384_none_a9f4965301334e09\COMCTL32.dll
0x5c420000 - 0x5c4df000 	C:\Program Files (x86)\Java\jre8\bin\msvcr100.dll
0x5bb90000 - 0x5bf26000 	C:\Program Files (x86)\Java\jre8\bin\client\jvm.dll
0x72d50000 - 0x72d58000 	C:\Windows\SYSTEM32\WSOCK32.dll
0x76920000 - 0x76926000 	C:\Windows\SYSTEM32\PSAPI.DLL
0x76a40000 - 0x76a8d000 	C:\Windows\SYSTEM32\WS2_32.dll
0x77490000 - 0x77497000 	C:\Windows\SYSTEM32\NSI.dll
0x66870000 - 0x6687c000 	C:\Program Files (x86)\Java\jre8\bin\verify.dll
0x60cd0000 - 0x60cf1000 	C:\Program Files (x86)\Java\jre8\bin\java.dll
0x60c50000 - 0x60c63000 	C:\Program Files (x86)\Java\jre8\bin\zip.dll
0x606d0000 - 0x606e4000 	C:\Program Files (x86)\Java\jre8\bin\net.dll
0x75110000 - 0x75155000 	C:\Windows\system32\mswsock.dll
0x73cc0000 - 0x73d3c000 	C:\Windows\SYSTEM32\DNSAPI.dll
0x73820000 - 0x73827000 	C:\Windows\System32\rasadhlp.dll
0x73830000 - 0x73874000 	C:\Windows\System32\fwpuclnt.dll
0x73e00000 - 0x73e18000 	C:\Windows\SYSTEM32\CRYPTSP.dll
0x73dd0000 - 0x73dff000 	C:\Windows\system32\rsaenh.dll
0x73db0000 - 0x73dcd000 	C:\Windows\SYSTEM32\bcrypt.dll
0x738b0000 - 0x738c0000 	C:\Windows\system32\napinsp.dll
0x73890000 - 0x738a4000 	C:\Windows\system32\pnrpnsp.dll
0x738c0000 - 0x738d2000 	C:\Windows\system32\NLAapi.dll
0x73880000 - 0x73889000 	C:\Windows\System32\winrnr.dll
0x75050000 - 0x7506e000 	C:\Windows\SYSTEM32\IPHLPAPI.DLL
0x75040000 - 0x75048000 	C:\Windows\SYSTEM32\WINNSI.DLL
0x61170000 - 0x6117f000 	C:\Program Files (x86)\Java\jre8\bin\nio.dll
0x5c370000 - 0x5c41b000 	C:\Program Files (x86)\Java\jre8\bin\openbabel_java.dll
0x5b9f0000 - 0x5bb88000 	C:\Program Files (x86)\Java\jre8\bin\openbabel-2.dll
0x61b80000 - 0x61be9000 	C:\Windows\SYSTEM32\MSVCP100.dll
0x153c0000 - 0x153d3000 	C:\Program Files (x86)\Java\jre8\bin\zlib1.dll
0x606c0000 - 0x606cb000 	C:\Program Files (x86)\Java\jre8\bin\formats_cairo.obf
0x68dc0000 - 0x68eb7000 	C:\Program Files (x86)\Java\jre8\bin\libcairo-2.dll
0x64f80000 - 0x64fc2000 	C:\Program Files (x86)\Java\jre8\bin\libfontconfig-1.dll
0x6a800000 - 0x6a879000 	C:\Program Files (x86)\Java\jre8\bin\freetype6.dll
0x61a00000 - 0x61a3c000 	C:\Program Files (x86)\Java\jre8\bin\libpng14-14.dll
0x6ffb0000 - 0x6ffb6000 	C:\Windows\SYSTEM32\MSIMG32.DLL
0x68f40000 - 0x68f63000 	C:\Program Files (x86)\Java\jre8\bin\libexpat-1.dll
0x5c320000 - 0x5c367000 	C:\Program Files (x86)\Java\jre8\bin\formats_common.obf
0x5b910000 - 0x5b9e2000 	C:\Program Files (x86)\Java\jre8\bin\libinchi.dll
0x5c190000 - 0x5c1fe000 	C:\Program Files (x86)\Java\jre8\bin\formats_compchem.obf
0x5b820000 - 0x5b902000 	C:\Program Files (x86)\Java\jre8\bin\formats_misc.obf
0x15f40000 - 0x15f49000 	C:\Program Files (x86)\Java\jre8\bin\xdr-0.dll
0x73400000 - 0x734a3000 	C:\Windows\WinSxS\x86_microsoft.vc90.crt_1fc8b3b9a1e18e3b_9.0.30729.8387_none_5094ca96bcb6b2bb\MSVCR90.dll
0x5c2f0000 - 0x5c312000 	C:\Program Files (x86)\Java\jre8\bin\formats_utility.obf
0x5c2c0000 - 0x5c2ee000 	C:\Program Files (x86)\Java\jre8\bin\formats_xml.obf
0x16ef0000 - 0x16fc9000 	C:\Program Files (x86)\Java\jre8\bin\libxml2.dll
0x16fd0000 - 0x170aa000 	C:\Program Files (x86)\Java\jre8\bin\iconv.dll
0x5c170000 - 0x5c18d000 	C:\Program Files (x86)\Java\jre8\bin\plugin_charges.obf
0x5c220000 - 0x5c22e000 	C:\Program Files (x86)\Java\jre8\bin\plugin_descriptors.obf
0x5c160000 - 0x5c170000 	C:\Program Files (x86)\Java\jre8\bin\plugin_fingerprints.obf
0x5b7a0000 - 0x5b814000 	C:\Program Files (x86)\Java\jre8\bin\plugin_forcefields.obf
0x5b770000 - 0x5b799000 	C:\Program Files (x86)\Java\jre8\bin\plugin_ops.obf
0x6fe60000 - 0x6ffa8000 	C:\Windows\SYSTEM32\dbghelp.dll

VM Arguments:
jvm_args: -Dfile.encoding=UTF-8 
java_command: edu.uminho.biosynth.program.ProgramStructureAnalysis
java_class_path (initial): D:\home\workspace\java\biosynth-chemanalysis\target\test-classes;D:\home\workspace\java\biosynth-chemanalysis\target\classes;D:\home\workspace\java\biosynth-chemanalysis\lib\openbabel.jar;D:\home\workspace\java\biosynth-components\target\classes;C:\Users\Filipe\.m2\repository\joda-time\joda-time\2.3\joda-time-2.3.jar;C:\Users\Filipe\.m2\repository\org\jadira\usertype\usertype.core\3.0.0.CR1\usertype.core-3.0.0.CR1.jar;C:\Users\Filipe\.m2\repository\org\joda\joda-money\0.6\joda-money-0.6.jar;C:\Users\Filipe\.m2\repository\org\jadira\usertype\usertype.spi\3.0.0.CR1\usertype.spi-3.0.0.CR1.jar;C:\Users\Filipe\.m2\repository\org\hibernate\hibernate-core\4.2.7.Final\hibernate-core-4.2.7.Final.jar;C:\Users\Filipe\.m2\repository\antlr\antlr\2.7.7\antlr-2.7.7.jar;C:\Users\Filipe\.m2\repository\org\jboss\logging\jboss-logging\3.1.0.GA\jboss-logging-3.1.0.GA.jar;C:\Users\Filipe\.m2\repository\dom4j\dom4j\1.6.1\dom4j-1.6.1.jar;C:\Users\Filipe\.m2\repository\org\javassist\javassist\3.18.1-GA\javassist-3.18.1-GA.jar;C:\Users\Filipe\.m2\repository\org\jboss\spec\javax\transaction\jboss-transaction-api_1.1_spec\1.0.1.Final\jboss-transaction-api_1.1_spec-1.0.1.Final.jar;C:\Users\Filipe\.m2\repository\org\hibernate\javax\persistence\hibernate-jpa-2.0-api\1.0.1.Final\hibernate-jpa-2.0-api-1.0.1.Final.jar;C:\Users\Filipe\.m2\repository\org\hibernate\common\hibernate-commons-annotations\4.0.2.Final\hibernate-commons-annotations-4.0.2.Final.jar;C:\Users\Filipe\.m2\repository\org\json\json\20090211\json-20090211.jar;C:\Users\Filipe\.m2\repository\org\eclipse\persistence\org.eclipse.persistence.moxy\2.5.2-M1\org.eclipse.persistence.moxy-2.5.2-M1.jar;C:\Users\Filipe\.m2\repository\org\eclipse\persistence\org.eclipse.persistence.core\2.5.2-M1\org.eclipse.persistence.core-2.5.2-M1.jar;C:\Users\Filipe\.m2\repository\org\eclipse\persistence\org.eclipse.persistence.asm\2.5.2-M1\org.eclipse.persistence.asm-2.5.2-M1.jar;C:\Users\Filipe\.m2\repository\org\eclipse\persis
Launcher Type: SUN_STANDARD

Environment Variables:
PATH=C:\Program Files (x86)\NVIDIA Corporation\PhysX\Common;C:\Windows\system32;C:\Windows;C:\Windows\System32\Wbem;C:\Windows\System32\WindowsPowerShell\v1.0\;C:\Program Files (x86)\Git\cmd;C:\Program Files\MATLAB\R2013b\runtime\win64;C:\Program Files\MATLAB\R2013b\bin;C:\Program Files\MATLAB\R2013b\polyspace\bin
USERNAME=Filipe
OS=Windows_NT
PROCESSOR_IDENTIFIER=Intel64 Family 6 Model 58 Stepping 9, GenuineIntel



---------------  S Y S T E M  ---------------

OS: Windows 8.1 , 64 bit Build 9600 

CPU:total 4 (2 cores per cpu, 2 threads per core) family 6 model 58 stepping 9, cmov, cx8, fxsr, mmx, sse, sse2, sse3, ssse3, sse4.1, sse4.2, popcnt, avx, aes, clmul, erms, ht, tsc, tscinvbit

Memory: 4k page, physical 6174232k(1374588k free), swap 10844244k(2987400k free)

vm_info: Java HotSpot(TM) Client VM (25.0-b70) for windows-x86 JRE (1.8.0-b132), built on Mar  4 2014 03:51:15 by "java_re" with MS VC++ 10.0 (VS2010)

time: Thu Apr 03 02:45:08 2014
elapsed time: 17 seconds

